#
# There is insufficient memory for the Java Runtime Environment to continue.
# Native memory allocation (mmap) failed to map 100663296 bytes for G1 virtual space
# Possible reasons:
#   The system is out of physical RAM or swap space
#   The process is running with CompressedOops enabled, and the Java Heap may be blocking the growth of the native heap
# Possible solutions:
#   Reduce memory load on the system
#   Increase physical memory or swap space
#   Check if swap backing store is full
#   Decrease Java heap size (-Xmx/-Xms)
#   Decrease number of Java threads
#   Decrease Java thread stack sizes (-Xss)
#   Set larger code cache with -XX:ReservedCodeCacheSize=
#   JVM is running with Unscaled Compressed Oops mode in which the Java heap is
#     placed in the first 4GB address space. The Java Heap base address is the
#     maximum limit for the native heap growth. Please use -XX:HeapBaseMinAddress
#     to set the Java Heap base and to place the Java Heap above 4GB virtual address.
# This output file may be truncated or incomplete.
#
#  Out of Memory Error (os_windows.cpp:3548), pid=6952, tid=20792
#
# JRE version:  (17.0.5+8) (build )
# Java VM: OpenJDK 64-Bit Server VM (17.0.5+8, mixed mode, sharing, tiered, compressed oops, compressed class ptrs, g1 gc, windows-amd64)
# No core dump will be written. Minidumps are not enabled by default on client versions of Windows
#

---------------  S U M M A R Y ------------

Command Line: -Dfile.encoding=UTF-8 -XX:+ShowCodeDetailsInExceptionMessages MedienverwaltungMain

Host: AMD Ryzen 5 3500U with Radeon Vega Mobile Gfx  , 8 cores, 5G,  Windows 11 , 64 bit Build 22621 (10.0.22621.2506)
Time: Mon Jan 22 13:20:29 2024 Mitteleuropäische Zeit elapsed time: 0.021054 seconds (0d 0h 0m 0s)

---------------  T H R E A D  ---------------

Current thread (0x000001df60e7fa30):  JavaThread "Unknown thread" [_thread_in_vm, id=20792, stack(0x0000009de8100000,0x0000009de8200000)]

Stack: [0x0000009de8100000,0x0000009de8200000]
Native frames: (J=compiled Java code, j=interpreted, Vv=VM code, C=native code)
V  [jvm.dll+0x676b3a]
V  [jvm.dll+0x831444]
V  [jvm.dll+0x832bee]
V  [jvm.dll+0x833253]
V  [jvm.dll+0x244ce5]
V  [jvm.dll+0x673a49]
V  [jvm.dll+0x66811a]
V  [jvm.dll+0x303ceb]
V  [jvm.dll+0x30b1e6]
V  [jvm.dll+0x35adbe]
V  [jvm.dll+0x35afef]
V  [jvm.dll+0x2dab88]
V  [jvm.dll+0x2dbaf4]
V  [jvm.dll+0x803121]
V  [jvm.dll+0x368bb1]
V  [jvm.dll+0x7e265c]
V  [jvm.dll+0x3eb17f]
V  [jvm.dll+0x3eccc1]
C  [jli.dll+0x5267]
C  [ucrtbase.dll+0x29363]
C  [KERNEL32.DLL+0x1257d]
C  [ntdll.dll+0x5aa58]


---------------  P R O C E S S  ---------------

Threads class SMR info:
_java_thread_list=0x00007ffac6ba2f18, length=0, elements={
}

Java Threads: ( => current thread )

Other Threads:
  0x000001df60ecd6a0 GCTaskThread "GC Thread#0" [stack: 0x0000009de8200000,0x0000009de8300000] [id=14756]
  0x000001df60edabc0 ConcurrentGCThread "G1 Main Marker" [stack: 0x0000009de8300000,0x0000009de8400000] [id=2900]
  0x000001df60edb5d0 ConcurrentGCThread "G1 Conc#0" [stack: 0x0000009de8400000,0x0000009de8500000] [id=24304]

[error occurred during error reporting (printing all threads), id 0xc0000005, EXCEPTION_ACCESS_VIOLATION (0xc0000005) at pc=0x00007ffac637b617]

VM state: not at safepoint (not fully initialized)

VM Mutex/Monitor currently owned by a thread:  ([mutex/lock_event])
[0x000001df60e7a5a0] Heap_lock - owner thread: 0x000001df60e7fa30

Heap address: 0x00000000a0e00000, size: 1522 MB, Compressed Oops mode: 32-bit

CDS archive(s) mapped at: [0x0000000000000000-0x0000000000000000-0x0000000000000000), size 0, SharedBaseAddress: 0x0000000800000000, ArchiveRelocationMode: 0.
Narrow klass base: 0x0000000000000000, Narrow klass shift: 0, Narrow klass range: 0x0

GC Precious Log:
<Empty>

Heap:
 garbage-first heap   total 0K, used 0K [0x00000000a0e00000, 0x0000000100000000)
  region size 1024K, 0 young (0K), 0 survivors (0K)

[error occurred during error reporting (printing heap information), id 0xc0000005, EXCEPTION_ACCESS_VIOLATION (0xc0000005) at pc=0x00007ffac675fcb9]

GC Heap History (0 events):
No events

Dll operation events (1 events):
Event: 0.014 Loaded shared library C:\Users\nicol\.p2\pool\plugins\org.eclipse.justj.openjdk.hotspot.jre.full.win32.x86_64_17.0.5.v20221102-0933\jre\bin\java.dll

Deoptimization events (0 events):
No events

Classes unloaded (0 events):
No events

Classes redefined (0 events):
No events

Internal exceptions (0 events):
No events

VM Operations (0 events):
No events

Events (0 events):
No events


Dynamic libraries:
0x00007ff614200000 - 0x00007ff61420e000 	C:\Users\nicol\.p2\pool\plugins\org.eclipse.justj.openjdk.hotspot.jre.full.win32.x86_64_17.0.5.v20221102-0933\jre\bin\javaw.exe
0x00007ffb043b0000 - 0x00007ffb045c7000 	C:\WINDOWS\SYSTEM32\ntdll.dll
0x00007ffb024e0000 - 0x00007ffb025a4000 	C:\WINDOWS\System32\KERNEL32.DLL
0x00007ffb01a80000 - 0x00007ffb01e26000 	C:\WINDOWS\System32\KERNELBASE.dll
0x00007ffb016f0000 - 0x00007ffb01801000 	C:\WINDOWS\System32\ucrtbase.dll
0x00007ffaf44d0000 - 0x00007ffaf44e9000 	C:\Users\nicol\.p2\pool\plugins\org.eclipse.justj.openjdk.hotspot.jre.full.win32.x86_64_17.0.5.v20221102-0933\jre\bin\VCRUNTIME140.dll
0x00007ffafcc60000 - 0x00007ffafcc77000 	C:\Users\nicol\.p2\pool\plugins\org.eclipse.justj.openjdk.hotspot.jre.full.win32.x86_64_17.0.5.v20221102-0933\jre\bin\jli.dll
0x00007ffb038b0000 - 0x00007ffb03a5e000 	C:\WINDOWS\System32\USER32.dll
0x00007ffb01890000 - 0x00007ffb018b6000 	C:\WINDOWS\System32\win32u.dll
0x00007ffb02490000 - 0x00007ffb024b9000 	C:\WINDOWS\System32\GDI32.dll
0x00007ffaf11e0000 - 0x00007ffaf1473000 	C:\WINDOWS\WinSxS\amd64_microsoft.windows.common-controls_6595b64144ccf1df_6.0.22621.2506_none_270c5ae97388e100\COMCTL32.dll
0x00007ffb018c0000 - 0x00007ffb019d8000 	C:\WINDOWS\System32\gdi32full.dll
0x00007ffb02610000 - 0x00007ffb026b7000 	C:\WINDOWS\System32\msvcrt.dll
0x00007ffb01fa0000 - 0x00007ffb0203a000 	C:\WINDOWS\System32\msvcp_win.dll
0x00007ffb03ec0000 - 0x00007ffb03ef1000 	C:\WINDOWS\System32\IMM32.DLL
0x00007ffafccf0000 - 0x00007ffafccfc000 	C:\Users\nicol\.p2\pool\plugins\org.eclipse.justj.openjdk.hotspot.jre.full.win32.x86_64_17.0.5.v20221102-0933\jre\bin\vcruntime140_1.dll
0x00007ffaf0780000 - 0x00007ffaf0811000 	C:\Users\nicol\.p2\pool\plugins\org.eclipse.justj.openjdk.hotspot.jre.full.win32.x86_64_17.0.5.v20221102-0933\jre\bin\msvcp140.dll
0x00007ffac6090000 - 0x00007ffac6cd4000 	C:\Users\nicol\.p2\pool\plugins\org.eclipse.justj.openjdk.hotspot.jre.full.win32.x86_64_17.0.5.v20221102-0933\jre\bin\server\jvm.dll
0x00007ffb026c0000 - 0x00007ffb02773000 	C:\WINDOWS\System32\ADVAPI32.dll
0x00007ffb042c0000 - 0x00007ffb04368000 	C:\WINDOWS\System32\sechost.dll
0x00007ffb019e0000 - 0x00007ffb01a08000 	C:\WINDOWS\System32\bcrypt.dll
0x00007ffb04110000 - 0x00007ffb04227000 	C:\WINDOWS\System32\RPCRT4.dll
0x00007ffaf9850000 - 0x00007ffaf9884000 	C:\WINDOWS\SYSTEM32\WINMM.dll
0x00007ffaf3f70000 - 0x00007ffaf3f79000 	C:\WINDOWS\SYSTEM32\WSOCK32.dll
0x00007ffafaef0000 - 0x00007ffafaefa000 	C:\WINDOWS\SYSTEM32\VERSION.dll
0x00007ffb03e40000 - 0x00007ffb03eb1000 	C:\WINDOWS\System32\WS2_32.dll
0x00007ffb00720000 - 0x00007ffb00738000 	C:\WINDOWS\SYSTEM32\kernel.appcore.dll
0x00007ffaf3f60000 - 0x00007ffaf3f6a000 	C:\Users\nicol\.p2\pool\plugins\org.eclipse.justj.openjdk.hotspot.jre.full.win32.x86_64_17.0.5.v20221102-0933\jre\bin\jimage.dll
0x00007ffaf7830000 - 0x00007ffaf7a63000 	C:\WINDOWS\SYSTEM32\DBGHELP.DLL
0x00007ffb02780000 - 0x00007ffb02b09000 	C:\WINDOWS\System32\combase.dll
0x00007ffb03f10000 - 0x00007ffb03fe7000 	C:\WINDOWS\System32\OLEAUT32.dll
0x00007ffae5fa0000 - 0x00007ffae5fd2000 	C:\WINDOWS\SYSTEM32\dbgcore.DLL
0x00007ffb01810000 - 0x00007ffb0188a000 	C:\WINDOWS\System32\bcryptPrimitives.dll
0x00007ffaf3280000 - 0x00007ffaf32a5000 	C:\Users\nicol\.p2\pool\plugins\org.eclipse.justj.openjdk.hotspot.jre.full.win32.x86_64_17.0.5.v20221102-0933\jre\bin\java.dll

dbghelp: loaded successfully - version: 4.0.5 - missing functions: none
symbol engine: initialized successfully - sym options: 0x614 - pdb path: .;C:\Users\nicol\.p2\pool\plugins\org.eclipse.justj.openjdk.hotspot.jre.full.win32.x86_64_17.0.5.v20221102-0933\jre\bin;C:\WINDOWS\SYSTEM32;C:\WINDOWS\WinSxS\amd64_microsoft.windows.common-controls_6595b64144ccf1df_6.0.22621.2506_none_270c5ae97388e100;C:\Users\nicol\.p2\pool\plugins\org.eclipse.justj.openjdk.hotspot.jre.full.win32.x86_64_17.0.5.v20221102-0933\jre\bin\server

VM Arguments:
jvm_args: -Dfile.encoding=UTF-8 -XX:+ShowCodeDetailsInExceptionMessages 
java_command: MedienverwaltungMain
java_class_path (initial): C:\Users\nicol\Documents\Schule\TSW\2. Jahr\Java\Medienverwaltung\bin
Launcher Type: SUN_STANDARD

[Global flags]
     intx CICompilerCount                          = 4                                         {product} {ergonomic}
     uint ConcGCThreads                            = 2                                         {product} {ergonomic}
     uint G1ConcRefinementThreads                  = 8                                         {product} {ergonomic}
   size_t G1HeapRegionSize                         = 1048576                                   {product} {ergonomic}
    uintx GCDrainStackTargetSize                   = 64                                        {product} {ergonomic}
   size_t InitialHeapSize                          = 100663296                                 {product} {ergonomic}
   size_t MarkStackSize                            = 4194304                                   {product} {ergonomic}
   size_t MaxHeapSize                              = 1595932672                                {product} {ergonomic}
   size_t MinHeapDeltaBytes                        = 1048576                                   {product} {ergonomic}
   size_t MinHeapSize                              = 8388608                                   {product} {ergonomic}
    uintx NonNMethodCodeHeapSize                   = 5839372                                {pd product} {ergonomic}
    uintx NonProfiledCodeHeapSize                  = 122909434                              {pd product} {ergonomic}
    uintx ProfiledCodeHeapSize                     = 122909434                              {pd product} {ergonomic}
    uintx ReservedCodeCacheSize                    = 251658240                              {pd product} {ergonomic}
     bool SegmentedCodeCache                       = true                                      {product} {ergonomic}
     bool ShowCodeDetailsInExceptionMessages       = true                                   {manageable} {command line}
   size_t SoftMaxHeapSize                          = 1595932672                             {manageable} {ergonomic}
     bool UseCompressedClassPointers               = true                           {product lp64_product} {ergonomic}
     bool UseCompressedOops                        = true                           {product lp64_product} {ergonomic}
     bool UseG1GC                                  = true                                      {product} {ergonomic}
     bool UseLargePagesIndividualAllocation        = false                                  {pd product} {ergonomic}

Logging:
Log output configuration:
 #0: stdout all=warning uptime,level,tags
 #1: stderr all=off uptime,level,tags

Environment Variables:
PATH=C:/Users/nicol/.p2/pool/plugins/org.eclipse.justj.openjdk.hotspot.jre.full.win32.x86_64_17.0.5.v20221102-0933/jre/bin/server;C:/Users/nicol/.p2/pool/plugins/org.eclipse.justj.openjdk.hotspot.jre.full.win32.x86_64_17.0.5.v20221102-0933/jre/bin;C:\Program Files\Microsoft\jdk-11.0.16.101-hotspot\bin;C:\Program Files (x86)\Common Files\Oracle\Java\javapath;C:\WINDOWS\system32;C:\WINDOWS;C:\WINDOWS\System32\Wbem;C:\WINDOWS\System32\WindowsPowerShell\v1.0\;C:\WINDOWS\System32\OpenSSH\;C:\Program Files\Microsoft SQL Server\150\Tools\Binn\;C:\Program Files\Microsoft SQL Server\Client SDK\ODBC\170\Tools\Binn\;C:\Program Files\dotnet\;C:\Users\nicol\AppData\Local\Microsoft\WindowsApps;C:\Program Files (x86)\Brackets\;C:\Users\nicol\AppData\Local\GitHubDesktop\bin;C:\Users\nicol\.dotnet\tools;C:\Users\nicol\AppData\Local\Programs\Microsoft VS Code\bin;C:\WINDOWS\System32;
USERNAME=nicol
OS=Windows_NT
PROCESSOR_IDENTIFIER=AMD64 Family 23 Model 24 Stepping 1, AuthenticAMD
TMP=C:\Users\nicol\AppData\Local\Temp
TEMP=C:\Users\nicol\AppData\Local\Temp



---------------  S Y S T E M  ---------------

OS:
 Windows 11 , 64 bit Build 22621 (10.0.22621.2506)
OS uptime: 11 days 5:24 hours

CPU: total 8 (initial active 8) (8 cores per cpu, 2 threads per core) family 23 model 24 stepping 1 microcode 0x0, cx8, cmov, fxsr, ht, mmx, 3dnowpref, sse, sse2, sse3, ssse3, sse4a, sse4.1, sse4.2, popcnt, lzcnt, tsc, tscinvbit, avx, avx2, aes, clmul, bmi1, bmi2, adx, sha, fma, vzeroupper, clflush, clflushopt

Memory: 4k page, system-wide physical 6081M (86M free)
TotalPageFile size 24513M (AvailPageFile size 76M)
current process WorkingSet (physical memory assigned to process): 11M, peak: 11M
current process commit charge ("private bytes"): 60M, peak: 156M

vm_info: OpenJDK 64-Bit Server VM (17.0.5+8) for windows-amd64 JRE (17.0.5+8), built on Oct 19 2022 04:48:13 by "temurin" with MS VC++ 16.7 (VS2019)

END.
