#
# There is insufficient memory for the Java Runtime Environment to continue.
# Native memory allocation (mmap) failed to map 65536 bytes for Failed to commit metaspace.
# Possible reasons:
#   The system is out of physical RAM or swap space
#   The process is running with CompressedOops enabled, and the Java Heap may be blocking the growth of the native heap
# Possible solutions:
#   Reduce memory load on the system
#   Increase physical memory or swap space
#   Check if swap backing store is full
#   Decrease Java heap size (-Xmx/-Xms)
#   Decrease number of Java threads
#   Decrease Java thread stack sizes (-Xss)
#   Set larger code cache with -XX:ReservedCodeCacheSize=
#   JVM is running with Unscaled Compressed Oops mode in which the Java heap is
#     placed in the first 4GB address space. The Java Heap base address is the
#     maximum limit for the native heap growth. Please use -XX:HeapBaseMinAddress
#     to set the Java Heap base and to place the Java Heap above 4GB virtual address.
# This output file may be truncated or incomplete.
#
#  Out of Memory Error (virtualSpaceNode.cpp:110), pid=23132, tid=17320
#
# JRE version: OpenJDK Runtime Environment Temurin-17.0.5+8 (17.0.5+8) (build 17.0.5+8)
# Java VM: OpenJDK 64-Bit Server VM Temurin-17.0.5+8 (17.0.5+8, mixed mode, tiered, compressed oops, compressed class ptrs, g1 gc, windows-amd64)
# No core dump will be written. Minidumps are not enabled by default on client versions of Windows
#

---------------  S U M M A R Y ------------

Command Line: -Dfile.encoding=UTF-8 -XX:+ShowCodeDetailsInExceptionMessages MedienverwaltungMain

Host: AMD Ryzen 5 3500U with Radeon Vega Mobile Gfx  , 8 cores, 5G,  Windows 11 , 64 bit Build 22621 (10.0.22621.2506)
Time: Mon Jan 22 13:21:38 2024 Mitteleuropäische Zeit elapsed time: 0.482633 seconds (0d 0h 0m 0s)

---------------  T H R E A D  ---------------

Current thread (0x0000022ebb8ef300):  JavaThread "main" [_thread_in_vm, id=17320, stack(0x000000c079100000,0x000000c079200000)]

Stack: [0x000000c079100000,0x000000c079200000]
Native frames: (J=compiled Java code, j=interpreted, Vv=VM code, C=native code)
V  [jvm.dll+0x676b3a]
V  [jvm.dll+0x831444]
V  [jvm.dll+0x832bee]
V  [jvm.dll+0x833253]
V  [jvm.dll+0x244ce5]
V  [jvm.dll+0x82d4db]
V  [jvm.dll+0x61b2f6]
V  [jvm.dll+0x61b35a]
V  [jvm.dll+0x61db7a]
V  [jvm.dll+0x61bc96]
V  [jvm.dll+0x23937f]
V  [jvm.dll+0x625af5]
V  [jvm.dll+0x1e99bb]
V  [jvm.dll+0x1e9ef5]
V  [jvm.dll+0x1ea92f]
V  [jvm.dll+0x1dfdd1]
V  [jvm.dll+0x53be30]
V  [jvm.dll+0x1f05a7]
V  [jvm.dll+0x7ab9db]
V  [jvm.dll+0x7acd82]
V  [jvm.dll+0x7ad0b8]
V  [jvm.dll+0x23d0ee]
V  [jvm.dll+0x37e55e]
C  0x0000022ebefbb6e4

Java frames: (J=compiled Java code, j=interpreted, Vv=VM code)
j  jdk.internal.reflect.UnsafeFieldAccessorFactory.newFieldAccessor(Ljava/lang/reflect/Field;Z)Ljdk/internal/reflect/FieldAccessor;+279 java.base@17.0.5
j  jdk.internal.reflect.ReflectionFactory.newFieldAccessor(Ljava/lang/reflect/Field;Z)Ljdk/internal/reflect/FieldAccessor;+79 java.base@17.0.5
j  java.lang.reflect.Field.acquireFieldAccessor(Z)Ljdk/internal/reflect/FieldAccessor;+47 java.base@17.0.5
j  java.lang.reflect.Field.getFieldAccessor(Ljava/lang/Object;)Ljdk/internal/reflect/FieldAccessor;+31 java.base@17.0.5
j  java.lang.reflect.Field.getInt(Ljava/lang/Object;)I+19 java.base@17.0.5
j  java.awt.AWTKeyStroke.getVKValue(Ljava/lang/String;)I+28 java.desktop@17.0.5
j  java.awt.AWTKeyStroke.getAWTKeyStroke(Ljava/lang/String;)Ljava/awt/AWTKeyStroke;+339 java.desktop@17.0.5
j  javax.swing.KeyStroke.getKeyStroke(Ljava/lang/String;)Ljavax/swing/KeyStroke;+19 java.desktop@17.0.5
j  javax.swing.LookAndFeel.loadKeyBindings(Ljavax/swing/InputMap;[Ljava/lang/Object;)V+43 java.desktop@17.0.5
j  javax.swing.LookAndFeel.makeInputMap([Ljava/lang/Object;)Ljavax/swing/InputMap;+10 java.desktop@17.0.5
j  javax.swing.UIDefaults$LazyInputMap.createValue(Ljavax/swing/UIDefaults;)Ljava/lang/Object;+11 java.desktop@17.0.5
j  javax.swing.UIDefaults.getFromHashtable(Ljava/lang/Object;)Ljava/lang/Object;+126 java.desktop@17.0.5
j  javax.swing.UIDefaults.get(Ljava/lang/Object;Ljava/util/Locale;)Ljava/lang/Object;+2 java.desktop@17.0.5
j  javax.swing.MultiUIDefaults.get(Ljava/lang/Object;Ljava/util/Locale;)Ljava/lang/Object;+50 java.desktop@17.0.5
j  javax.swing.UIManager.get(Ljava/lang/Object;Ljava/util/Locale;)Ljava/lang/Object;+5 java.desktop@17.0.5
j  sun.swing.DefaultLookup.get(Ljavax/swing/JComponent;Ljavax/swing/plaf/ComponentUI;Ljava/lang/String;)Ljava/lang/Object;+33 java.desktop@17.0.5
j  javax.swing.plaf.basic.BasicRootPaneUI.getInputMap(ILjavax/swing/JComponent;)Ljavax/swing/InputMap;+9 java.desktop@17.0.5
j  javax.swing.plaf.basic.BasicRootPaneUI.installKeyboardActions(Ljavax/swing/JRootPane;)V+16 java.desktop@17.0.5
j  javax.swing.plaf.basic.BasicRootPaneUI.installUI(Ljavax/swing/JComponent;)V+29 java.desktop@17.0.5
j  javax.swing.plaf.metal.MetalRootPaneUI.installUI(Ljavax/swing/JComponent;)V+2 java.desktop@17.0.5
j  javax.swing.JComponent.setUI(Ljavax/swing/plaf/ComponentUI;)V+52 java.desktop@17.0.5
j  javax.swing.JRootPane.setUI(Ljavax/swing/plaf/RootPaneUI;)V+2 java.desktop@17.0.5
j  javax.swing.JRootPane.updateUI()V+8 java.desktop@17.0.5
j  javax.swing.JRootPane.<init>()V+47 java.desktop@17.0.5
j  javax.swing.JFrame.createRootPane()Ljavax/swing/JRootPane;+4 java.desktop@17.0.5
j  javax.swing.JFrame.frameInit()V+16 java.desktop@17.0.5
j  javax.swing.JFrame.<init>()V+20 java.desktop@17.0.5
j  SucheGUI.start()V+4
j  MedienverwaltungMain.main([Ljava/lang/String;)V+18
v  ~StubRoutines::call_stub

---------------  P R O C E S S  ---------------

Threads class SMR info:
_java_thread_list=0x0000022ed5004b80, length=15, elements={
0x0000022ebb8ef300, 0x0000022ed45bce00, 0x0000022ed45bda70, 0x0000022ed45f5290,
0x0000022ed45f5b50, 0x0000022ed45f6410, 0x0000022ed45f6dc0, 0x0000022ed501fd50,
0x0000022ed5022e10, 0x0000022ed50361e0, 0x0000022ed517e3e0, 0x0000022ed519b020,
0x0000022ed55eaf20, 0x0000022ed55eb5c0, 0x0000022ed5603f30
}

Java Threads: ( => current thread )
=>0x0000022ebb8ef300 JavaThread "main" [_thread_in_vm, id=17320, stack(0x000000c079100000,0x000000c079200000)]
  0x0000022ed45bce00 JavaThread "Reference Handler" daemon [_thread_blocked, id=24396, stack(0x000000c079800000,0x000000c079900000)]
  0x0000022ed45bda70 JavaThread "Finalizer" daemon [_thread_blocked, id=18808, stack(0x000000c079900000,0x000000c079a00000)]
  0x0000022ed45f5290 JavaThread "Signal Dispatcher" daemon [_thread_blocked, id=20388, stack(0x000000c079a00000,0x000000c079b00000)]
  0x0000022ed45f5b50 JavaThread "Attach Listener" daemon [_thread_blocked, id=20792, stack(0x000000c079b00000,0x000000c079c00000)]
  0x0000022ed45f6410 JavaThread "Service Thread" daemon [_thread_blocked, id=24380, stack(0x000000c079c00000,0x000000c079d00000)]
  0x0000022ed45f6dc0 JavaThread "Monitor Deflation Thread" daemon [_thread_blocked, id=12360, stack(0x000000c079d00000,0x000000c079e00000)]
  0x0000022ed501fd50 JavaThread "C2 CompilerThread0" daemon [_thread_blocked, id=24432, stack(0x000000c079e00000,0x000000c079f00000)]
  0x0000022ed5022e10 JavaThread "C1 CompilerThread0" daemon [_thread_blocked, id=24404, stack(0x000000c079f00000,0x000000c07a000000)]
  0x0000022ed50361e0 JavaThread "Sweeper thread" daemon [_thread_blocked, id=11096, stack(0x000000c07a000000,0x000000c07a100000)]
  0x0000022ed517e3e0 JavaThread "Notification Thread" daemon [_thread_blocked, id=17484, stack(0x000000c07a100000,0x000000c07a200000)]
  0x0000022ed519b020 JavaThread "Common-Cleaner" daemon [_thread_blocked, id=20412, stack(0x000000c07a300000,0x000000c07a400000)]
  0x0000022ed55eaf20 JavaThread "Java2D Disposer" daemon [_thread_blocked, id=19488, stack(0x000000c07a400000,0x000000c07a500000)]
  0x0000022ed55eb5c0 JavaThread "AWT-Shutdown" [_thread_blocked, id=2376, stack(0x000000c07a500000,0x000000c07a600000)]
  0x0000022ed5603f30 JavaThread "AWT-Windows" daemon [_thread_in_native, id=6308, stack(0x000000c07a600000,0x000000c07a700000)]

Other Threads:
  0x0000022ed45b7340 VMThread "VM Thread" [stack: 0x000000c079700000,0x000000c079800000] [id=23212]
  0x0000022ed5182cd0 WatcherThread [stack: 0x000000c07a200000,0x000000c07a300000] [id=21932]
  0x0000022ebb93da20 GCTaskThread "GC Thread#0" [stack: 0x000000c079200000,0x000000c079300000] [id=16328]
  0x0000022ebb94a7a0 ConcurrentGCThread "G1 Main Marker" [stack: 0x000000c079300000,0x000000c079400000] [id=5860]
  0x0000022ebb94b950 ConcurrentGCThread "G1 Conc#0" [stack: 0x000000c079400000,0x000000c079500000] [id=24156]
  0x0000022ebb9a1b90 ConcurrentGCThread "G1 Refine#0" [stack: 0x000000c079500000,0x000000c079600000] [id=21900]
  0x0000022ebb9a34c0 ConcurrentGCThread "G1 Service" [stack: 0x000000c079600000,0x000000c079700000] [id=23348]

Threads with active compile tasks:

VM state: not at safepoint (normal execution)

VM Mutex/Monitor currently owned by a thread:  ([mutex/lock_event])
[0x0000022ebb8dc2c0] Metaspace_lock - owner thread: 0x0000022ebb8ef300

Heap address: 0x00000000a0e00000, size: 1522 MB, Compressed Oops mode: 32-bit

CDS archive(s) not mapped
Compressed class space mapped at: 0x0000000100000000-0x0000000140000000, reserved size: 1073741824
Narrow klass base: 0x0000000000000000, Narrow klass shift: 3, Narrow klass range: 0x140000000

GC Precious Log:
 CPUs: 8 total, 8 available
 Memory: 6081M
 Large Page Support: Disabled
 NUMA Support: Disabled
 Compressed Oops: Enabled (32-bit)
 Heap Region Size: 1M
 Heap Min Capacity: 8M
 Heap Initial Capacity: 96M
 Heap Max Capacity: 1522M
 Pre-touch: Disabled
 Parallel Workers: 8
 Concurrent Workers: 2
 Concurrent Refinement Workers: 8
 Periodic GC: Disabled

Heap:
 garbage-first heap   total 98304K, used 4096K [0x00000000a0e00000, 0x0000000100000000)
  region size 1024K, 5 young (5120K), 0 survivors (0K)
 Metaspace       used 9802K, committed 9984K, reserved 1064960K
  class space    used 922K, committed 1024K, reserved 1048576K

Heap Regions: E=young(eden), S=young(survivor), O=old, HS=humongous(starts), HC=humongous(continues), CS=collection set, F=free, OA=open archive, CA=closed archive, TAMS=top-at-mark-start (previous, next)
|   0|0x00000000a0e00000, 0x00000000a0e00000, 0x00000000a0f00000|  0%| F|  |TAMS 0x00000000a0e00000, 0x00000000a0e00000| Untracked 
|   1|0x00000000a0f00000, 0x00000000a0f00000, 0x00000000a1000000|  0%| F|  |TAMS 0x00000000a0f00000, 0x00000000a0f00000| Untracked 
|   2|0x00000000a1000000, 0x00000000a1000000, 0x00000000a1100000|  0%| F|  |TAMS 0x00000000a1000000, 0x00000000a1000000| Untracked 
|   3|0x00000000a1100000, 0x00000000a1100000, 0x00000000a1200000|  0%| F|  |TAMS 0x00000000a1100000, 0x00000000a1100000| Untracked 
|   4|0x00000000a1200000, 0x00000000a1200000, 0x00000000a1300000|  0%| F|  |TAMS 0x00000000a1200000, 0x00000000a1200000| Untracked 
|   5|0x00000000a1300000, 0x00000000a1300000, 0x00000000a1400000|  0%| F|  |TAMS 0x00000000a1300000, 0x00000000a1300000| Untracked 
|   6|0x00000000a1400000, 0x00000000a1400000, 0x00000000a1500000|  0%| F|  |TAMS 0x00000000a1400000, 0x00000000a1400000| Untracked 
|   7|0x00000000a1500000, 0x00000000a1500000, 0x00000000a1600000|  0%| F|  |TAMS 0x00000000a1500000, 0x00000000a1500000| Untracked 
|   8|0x00000000a1600000, 0x00000000a1600000, 0x00000000a1700000|  0%| F|  |TAMS 0x00000000a1600000, 0x00000000a1600000| Untracked 
|   9|0x00000000a1700000, 0x00000000a1700000, 0x00000000a1800000|  0%| F|  |TAMS 0x00000000a1700000, 0x00000000a1700000| Untracked 
|  10|0x00000000a1800000, 0x00000000a1800000, 0x00000000a1900000|  0%| F|  |TAMS 0x00000000a1800000, 0x00000000a1800000| Untracked 
|  11|0x00000000a1900000, 0x00000000a1900000, 0x00000000a1a00000|  0%| F|  |TAMS 0x00000000a1900000, 0x00000000a1900000| Untracked 
|  12|0x00000000a1a00000, 0x00000000a1a00000, 0x00000000a1b00000|  0%| F|  |TAMS 0x00000000a1a00000, 0x00000000a1a00000| Untracked 
|  13|0x00000000a1b00000, 0x00000000a1b00000, 0x00000000a1c00000|  0%| F|  |TAMS 0x00000000a1b00000, 0x00000000a1b00000| Untracked 
|  14|0x00000000a1c00000, 0x00000000a1c00000, 0x00000000a1d00000|  0%| F|  |TAMS 0x00000000a1c00000, 0x00000000a1c00000| Untracked 
|  15|0x00000000a1d00000, 0x00000000a1d00000, 0x00000000a1e00000|  0%| F|  |TAMS 0x00000000a1d00000, 0x00000000a1d00000| Untracked 
|  16|0x00000000a1e00000, 0x00000000a1e00000, 0x00000000a1f00000|  0%| F|  |TAMS 0x00000000a1e00000, 0x00000000a1e00000| Untracked 
|  17|0x00000000a1f00000, 0x00000000a1f00000, 0x00000000a2000000|  0%| F|  |TAMS 0x00000000a1f00000, 0x00000000a1f00000| Untracked 
|  18|0x00000000a2000000, 0x00000000a2000000, 0x00000000a2100000|  0%| F|  |TAMS 0x00000000a2000000, 0x00000000a2000000| Untracked 
|  19|0x00000000a2100000, 0x00000000a2100000, 0x00000000a2200000|  0%| F|  |TAMS 0x00000000a2100000, 0x00000000a2100000| Untracked 
|  20|0x00000000a2200000, 0x00000000a2200000, 0x00000000a2300000|  0%| F|  |TAMS 0x00000000a2200000, 0x00000000a2200000| Untracked 
|  21|0x00000000a2300000, 0x00000000a2300000, 0x00000000a2400000|  0%| F|  |TAMS 0x00000000a2300000, 0x00000000a2300000| Untracked 
|  22|0x00000000a2400000, 0x00000000a2400000, 0x00000000a2500000|  0%| F|  |TAMS 0x00000000a2400000, 0x00000000a2400000| Untracked 
|  23|0x00000000a2500000, 0x00000000a2500000, 0x00000000a2600000|  0%| F|  |TAMS 0x00000000a2500000, 0x00000000a2500000| Untracked 
|  24|0x00000000a2600000, 0x00000000a2600000, 0x00000000a2700000|  0%| F|  |TAMS 0x00000000a2600000, 0x00000000a2600000| Untracked 
|  25|0x00000000a2700000, 0x00000000a2700000, 0x00000000a2800000|  0%| F|  |TAMS 0x00000000a2700000, 0x00000000a2700000| Untracked 
|  26|0x00000000a2800000, 0x00000000a2800000, 0x00000000a2900000|  0%| F|  |TAMS 0x00000000a2800000, 0x00000000a2800000| Untracked 
|  27|0x00000000a2900000, 0x00000000a2900000, 0x00000000a2a00000|  0%| F|  |TAMS 0x00000000a2900000, 0x00000000a2900000| Untracked 
|  28|0x00000000a2a00000, 0x00000000a2a00000, 0x00000000a2b00000|  0%| F|  |TAMS 0x00000000a2a00000, 0x00000000a2a00000| Untracked 
|  29|0x00000000a2b00000, 0x00000000a2b00000, 0x00000000a2c00000|  0%| F|  |TAMS 0x00000000a2b00000, 0x00000000a2b00000| Untracked 
|  30|0x00000000a2c00000, 0x00000000a2c00000, 0x00000000a2d00000|  0%| F|  |TAMS 0x00000000a2c00000, 0x00000000a2c00000| Untracked 
|  31|0x00000000a2d00000, 0x00000000a2d00000, 0x00000000a2e00000|  0%| F|  |TAMS 0x00000000a2d00000, 0x00000000a2d00000| Untracked 
|  32|0x00000000a2e00000, 0x00000000a2e00000, 0x00000000a2f00000|  0%| F|  |TAMS 0x00000000a2e00000, 0x00000000a2e00000| Untracked 
|  33|0x00000000a2f00000, 0x00000000a2f00000, 0x00000000a3000000|  0%| F|  |TAMS 0x00000000a2f00000, 0x00000000a2f00000| Untracked 
|  34|0x00000000a3000000, 0x00000000a3000000, 0x00000000a3100000|  0%| F|  |TAMS 0x00000000a3000000, 0x00000000a3000000| Untracked 
|  35|0x00000000a3100000, 0x00000000a3100000, 0x00000000a3200000|  0%| F|  |TAMS 0x00000000a3100000, 0x00000000a3100000| Untracked 
|  36|0x00000000a3200000, 0x00000000a3200000, 0x00000000a3300000|  0%| F|  |TAMS 0x00000000a3200000, 0x00000000a3200000| Untracked 
|  37|0x00000000a3300000, 0x00000000a3300000, 0x00000000a3400000|  0%| F|  |TAMS 0x00000000a3300000, 0x00000000a3300000| Untracked 
|  38|0x00000000a3400000, 0x00000000a3400000, 0x00000000a3500000|  0%| F|  |TAMS 0x00000000a3400000, 0x00000000a3400000| Untracked 
|  39|0x00000000a3500000, 0x00000000a3500000, 0x00000000a3600000|  0%| F|  |TAMS 0x00000000a3500000, 0x00000000a3500000| Untracked 
|  40|0x00000000a3600000, 0x00000000a3600000, 0x00000000a3700000|  0%| F|  |TAMS 0x00000000a3600000, 0x00000000a3600000| Untracked 
|  41|0x00000000a3700000, 0x00000000a3700000, 0x00000000a3800000|  0%| F|  |TAMS 0x00000000a3700000, 0x00000000a3700000| Untracked 
|  42|0x00000000a3800000, 0x00000000a3800000, 0x00000000a3900000|  0%| F|  |TAMS 0x00000000a3800000, 0x00000000a3800000| Untracked 
|  43|0x00000000a3900000, 0x00000000a3900000, 0x00000000a3a00000|  0%| F|  |TAMS 0x00000000a3900000, 0x00000000a3900000| Untracked 
|  44|0x00000000a3a00000, 0x00000000a3a00000, 0x00000000a3b00000|  0%| F|  |TAMS 0x00000000a3a00000, 0x00000000a3a00000| Untracked 
|  45|0x00000000a3b00000, 0x00000000a3b00000, 0x00000000a3c00000|  0%| F|  |TAMS 0x00000000a3b00000, 0x00000000a3b00000| Untracked 
|  46|0x00000000a3c00000, 0x00000000a3c00000, 0x00000000a3d00000|  0%| F|  |TAMS 0x00000000a3c00000, 0x00000000a3c00000| Untracked 
|  47|0x00000000a3d00000, 0x00000000a3d00000, 0x00000000a3e00000|  0%| F|  |TAMS 0x00000000a3d00000, 0x00000000a3d00000| Untracked 
|  48|0x00000000a3e00000, 0x00000000a3e00000, 0x00000000a3f00000|  0%| F|  |TAMS 0x00000000a3e00000, 0x00000000a3e00000| Untracked 
|  49|0x00000000a3f00000, 0x00000000a3f00000, 0x00000000a4000000|  0%| F|  |TAMS 0x00000000a3f00000, 0x00000000a3f00000| Untracked 
|  50|0x00000000a4000000, 0x00000000a4000000, 0x00000000a4100000|  0%| F|  |TAMS 0x00000000a4000000, 0x00000000a4000000| Untracked 
|  51|0x00000000a4100000, 0x00000000a4100000, 0x00000000a4200000|  0%| F|  |TAMS 0x00000000a4100000, 0x00000000a4100000| Untracked 
|  52|0x00000000a4200000, 0x00000000a4200000, 0x00000000a4300000|  0%| F|  |TAMS 0x00000000a4200000, 0x00000000a4200000| Untracked 
|  53|0x00000000a4300000, 0x00000000a4300000, 0x00000000a4400000|  0%| F|  |TAMS 0x00000000a4300000, 0x00000000a4300000| Untracked 
|  54|0x00000000a4400000, 0x00000000a4400000, 0x00000000a4500000|  0%| F|  |TAMS 0x00000000a4400000, 0x00000000a4400000| Untracked 
|  55|0x00000000a4500000, 0x00000000a4500000, 0x00000000a4600000|  0%| F|  |TAMS 0x00000000a4500000, 0x00000000a4500000| Untracked 
|  56|0x00000000a4600000, 0x00000000a4600000, 0x00000000a4700000|  0%| F|  |TAMS 0x00000000a4600000, 0x00000000a4600000| Untracked 
|  57|0x00000000a4700000, 0x00000000a4700000, 0x00000000a4800000|  0%| F|  |TAMS 0x00000000a4700000, 0x00000000a4700000| Untracked 
|  58|0x00000000a4800000, 0x00000000a4800000, 0x00000000a4900000|  0%| F|  |TAMS 0x00000000a4800000, 0x00000000a4800000| Untracked 
|  59|0x00000000a4900000, 0x00000000a4900000, 0x00000000a4a00000|  0%| F|  |TAMS 0x00000000a4900000, 0x00000000a4900000| Untracked 
|  60|0x00000000a4a00000, 0x00000000a4a00000, 0x00000000a4b00000|  0%| F|  |TAMS 0x00000000a4a00000, 0x00000000a4a00000| Untracked 
|  61|0x00000000a4b00000, 0x00000000a4b00000, 0x00000000a4c00000|  0%| F|  |TAMS 0x00000000a4b00000, 0x00000000a4b00000| Untracked 
|  62|0x00000000a4c00000, 0x00000000a4c00000, 0x00000000a4d00000|  0%| F|  |TAMS 0x00000000a4c00000, 0x00000000a4c00000| Untracked 
|  63|0x00000000a4d00000, 0x00000000a4d00000, 0x00000000a4e00000|  0%| F|  |TAMS 0x00000000a4d00000, 0x00000000a4d00000| Untracked 
|  64|0x00000000a4e00000, 0x00000000a4e00000, 0x00000000a4f00000|  0%| F|  |TAMS 0x00000000a4e00000, 0x00000000a4e00000| Untracked 
|  65|0x00000000a4f00000, 0x00000000a4f00000, 0x00000000a5000000|  0%| F|  |TAMS 0x00000000a4f00000, 0x00000000a4f00000| Untracked 
|  66|0x00000000a5000000, 0x00000000a5000000, 0x00000000a5100000|  0%| F|  |TAMS 0x00000000a5000000, 0x00000000a5000000| Untracked 
|  67|0x00000000a5100000, 0x00000000a5100000, 0x00000000a5200000|  0%| F|  |TAMS 0x00000000a5100000, 0x00000000a5100000| Untracked 
|  68|0x00000000a5200000, 0x00000000a5200000, 0x00000000a5300000|  0%| F|  |TAMS 0x00000000a5200000, 0x00000000a5200000| Untracked 
|  69|0x00000000a5300000, 0x00000000a5300000, 0x00000000a5400000|  0%| F|  |TAMS 0x00000000a5300000, 0x00000000a5300000| Untracked 
|  70|0x00000000a5400000, 0x00000000a5400000, 0x00000000a5500000|  0%| F|  |TAMS 0x00000000a5400000, 0x00000000a5400000| Untracked 
|  71|0x00000000a5500000, 0x00000000a5500000, 0x00000000a5600000|  0%| F|  |TAMS 0x00000000a5500000, 0x00000000a5500000| Untracked 
|  72|0x00000000a5600000, 0x00000000a5600000, 0x00000000a5700000|  0%| F|  |TAMS 0x00000000a5600000, 0x00000000a5600000| Untracked 
|  73|0x00000000a5700000, 0x00000000a5700000, 0x00000000a5800000|  0%| F|  |TAMS 0x00000000a5700000, 0x00000000a5700000| Untracked 
|  74|0x00000000a5800000, 0x00000000a5800000, 0x00000000a5900000|  0%| F|  |TAMS 0x00000000a5800000, 0x00000000a5800000| Untracked 
|  75|0x00000000a5900000, 0x00000000a5900000, 0x00000000a5a00000|  0%| F|  |TAMS 0x00000000a5900000, 0x00000000a5900000| Untracked 
|  76|0x00000000a5a00000, 0x00000000a5a00000, 0x00000000a5b00000|  0%| F|  |TAMS 0x00000000a5a00000, 0x00000000a5a00000| Untracked 
|  77|0x00000000a5b00000, 0x00000000a5b00000, 0x00000000a5c00000|  0%| F|  |TAMS 0x00000000a5b00000, 0x00000000a5b00000| Untracked 
|  78|0x00000000a5c00000, 0x00000000a5c00000, 0x00000000a5d00000|  0%| F|  |TAMS 0x00000000a5c00000, 0x00000000a5c00000| Untracked 
|  79|0x00000000a5d00000, 0x00000000a5d00000, 0x00000000a5e00000|  0%| F|  |TAMS 0x00000000a5d00000, 0x00000000a5d00000| Untracked 
|  80|0x00000000a5e00000, 0x00000000a5e00000, 0x00000000a5f00000|  0%| F|  |TAMS 0x00000000a5e00000, 0x00000000a5e00000| Untracked 
|  81|0x00000000a5f00000, 0x00000000a5f00000, 0x00000000a6000000|  0%| F|  |TAMS 0x00000000a5f00000, 0x00000000a5f00000| Untracked 
|  82|0x00000000a6000000, 0x00000000a6000000, 0x00000000a6100000|  0%| F|  |TAMS 0x00000000a6000000, 0x00000000a6000000| Untracked 
|  83|0x00000000a6100000, 0x00000000a6100000, 0x00000000a6200000|  0%| F|  |TAMS 0x00000000a6100000, 0x00000000a6100000| Untracked 
|  84|0x00000000a6200000, 0x00000000a6200000, 0x00000000a6300000|  0%| F|  |TAMS 0x00000000a6200000, 0x00000000a6200000| Untracked 
|  85|0x00000000a6300000, 0x00000000a6300000, 0x00000000a6400000|  0%| F|  |TAMS 0x00000000a6300000, 0x00000000a6300000| Untracked 
|  86|0x00000000a6400000, 0x00000000a6400000, 0x00000000a6500000|  0%| F|  |TAMS 0x00000000a6400000, 0x00000000a6400000| Untracked 
|  87|0x00000000a6500000, 0x00000000a6500000, 0x00000000a6600000|  0%| F|  |TAMS 0x00000000a6500000, 0x00000000a6500000| Untracked 
|  88|0x00000000a6600000, 0x00000000a6600000, 0x00000000a6700000|  0%| F|  |TAMS 0x00000000a6600000, 0x00000000a6600000| Untracked 
|  89|0x00000000a6700000, 0x00000000a6700000, 0x00000000a6800000|  0%| F|  |TAMS 0x00000000a6700000, 0x00000000a6700000| Untracked 
|  90|0x00000000a6800000, 0x00000000a6800000, 0x00000000a6900000|  0%| F|  |TAMS 0x00000000a6800000, 0x00000000a6800000| Untracked 
|  91|0x00000000a6900000, 0x00000000a6976450, 0x00000000a6a00000| 46%| E|  |TAMS 0x00000000a6900000, 0x00000000a6900000| Complete 
|  92|0x00000000a6a00000, 0x00000000a6b00000, 0x00000000a6b00000|100%| E|CS|TAMS 0x00000000a6a00000, 0x00000000a6a00000| Complete 
|  93|0x00000000a6b00000, 0x00000000a6c00000, 0x00000000a6c00000|100%| E|CS|TAMS 0x00000000a6b00000, 0x00000000a6b00000| Complete 
|  94|0x00000000a6c00000, 0x00000000a6d00000, 0x00000000a6d00000|100%| E|CS|TAMS 0x00000000a6c00000, 0x00000000a6c00000| Complete 
|  95|0x00000000a6d00000, 0x00000000a6e00000, 0x00000000a6e00000|100%| E|CS|TAMS 0x00000000a6d00000, 0x00000000a6d00000| Complete 

Card table byte_map: [0x0000022ece5e0000,0x0000022ece8e0000] _byte_map_base: 0x0000022ece0d9000

Marking Bits (Prev, Next): (CMBitMap*) 0x0000022ebb93e030, (CMBitMap*) 0x0000022ebb93e070
 Prev Bits: [0x0000022ecebe0000, 0x0000022ed03a8000)
 Next Bits: [0x0000022ed03b0000, 0x0000022ed1b78000)

Polling page: 0x0000022eb9890000

Metaspace:

Usage:
  Non-class:      8.67 MB used.
      Class:    922.09 KB used.
       Both:      9.57 MB used.

Virtual space:
  Non-class space:       16.00 MB reserved,       8.75 MB ( 55%) committed,  2 nodes.
      Class space:        1.00 GB reserved,       1.00 MB ( <1%) committed,  1 nodes.
             Both:        1.02 GB reserved,       9.75 MB ( <1%) committed. 

Chunk freelists:
   Non-Class:  2.99 MB
       Class:  3.02 MB
        Both:  6.01 MB

MaxMetaspaceSize: unlimited
CompressedClassSpaceSize: 1.00 GB
Initial GC threshold: 21.00 MB
Current GC threshold: 21.00 MB
CDS: off
MetaspaceReclaimPolicy: balanced
 - commit_granule_bytes: 65536.
 - commit_granule_words: 8192.
 - virtual_space_node_default_size: 1048576.
 - enlarge_chunks_in_place: 1.
 - new_chunks_are_fully_committed: 0.
 - uncommit_free_chunks: 1.
 - use_allocation_guard: 0.
 - handle_deallocations: 1.


Internal statistics:

num_allocs_failed_limit: 0.
num_arena_births: 88.
num_arena_deaths: 0.
num_vsnodes_births: 3.
num_vsnodes_deaths: 0.
num_space_committed: 156.
num_space_uncommitted: 0.
num_chunks_returned_to_freelist: 0.
num_chunks_taken_from_freelist: 139.
num_chunk_merges: 0.
num_chunk_splits: 70.
num_chunks_enlarged: 22.
num_purges: 0.
num_inconsistent_stats: 0.

CodeHeap 'non-profiled nmethods': size=120000Kb used=117Kb max_used=117Kb free=119882Kb
 bounds [0x0000022ec6a70000, 0x0000022ec6ce0000, 0x0000022ecdfa0000]
CodeHeap 'profiled nmethods': size=120000Kb used=649Kb max_used=649Kb free=119350Kb
 bounds [0x0000022ebf540000, 0x0000022ebf7b0000, 0x0000022ec6a70000]
CodeHeap 'non-nmethods': size=5760Kb used=1173Kb max_used=1183Kb free=4586Kb
 bounds [0x0000022ebefa0000, 0x0000022ebf210000, 0x0000022ebf540000]
 total_blobs=910 nmethods=438 adapters=385
 compilation: enabled
              stopped_count=0, restarted_count=0
 full_count=0

Compilation events (20 events):
Event: 0.472 Thread 0x0000022ed5022e10  429       3       java.util.HashMap::get (19 bytes)
Event: 0.472 Thread 0x0000022ed5022e10 nmethod 429 0x0000022ebf5def90 code [0x0000022ebf5df140, 0x0000022ebf5df308]
Event: 0.472 Thread 0x0000022ed5022e10  430       3       sun.util.ResourceBundleEnumeration::hasMoreElements (117 bytes)
Event: 0.473 Thread 0x0000022ed5022e10 nmethod 430 0x0000022ebf5df410 code [0x0000022ebf5df640, 0x0000022ebf5e00a8]
Event: 0.473 Thread 0x0000022ed5022e10  431       3       java.lang.Class::cast (27 bytes)
Event: 0.473 Thread 0x0000022ed5022e10 nmethod 431 0x0000022ebf5e0290 code [0x0000022ebf5e0440, 0x0000022ebf5e06f8]
Event: 0.474 Thread 0x0000022ed5022e10  432       3       java.lang.String::endsWith (15 bytes)
Event: 0.474 Thread 0x0000022ed5022e10 nmethod 432 0x0000022ebf5e0810 code [0x0000022ebf5e09e0, 0x0000022ebf5e0d28]
Event: 0.476 Thread 0x0000022ed501fd50  433       4       java.lang.String::equals (56 bytes)
Event: 0.477 Thread 0x0000022ed5022e10  434       1       java.lang.invoke.MethodHandleNatives::isPullModeBSM (2 bytes)
Event: 0.477 Thread 0x0000022ed5022e10 nmethod 434 0x0000022ec6a8cd10 code [0x0000022ec6a8cea0, 0x0000022ec6a8cf58]
Event: 0.477 Thread 0x0000022ed5022e10  435       1       java.lang.invoke.MethodHandleImpl::isCompileConstant (2 bytes)
Event: 0.478 Thread 0x0000022ed5022e10 nmethod 435 0x0000022ec6a8d010 code [0x0000022ec6a8d1a0, 0x0000022ec6a8d258]
Event: 0.478 Thread 0x0000022ed5022e10  436       3       jdk.internal.org.objectweb.asm.Attribute::computeAttributesSize (62 bytes)
Event: 0.478 Thread 0x0000022ed5022e10 nmethod 436 0x0000022ebf5e0f10 code [0x0000022ebf5e10e0, 0x0000022ebf5e1408]
Event: 0.478 Thread 0x0000022ed5022e10  437       3       jdk.internal.org.objectweb.asm.AnnotationWriter::computeAnnotationsSize (66 bytes)
Event: 0.478 Thread 0x0000022ed501fd50 nmethod 433 0x0000022ec6a8d310 code [0x0000022ec6a8d480, 0x0000022ec6a8d658]
Event: 0.478 Thread 0x0000022ed5022e10 nmethod 437 0x0000022ebf5e1590 code [0x0000022ebf5e1760, 0x0000022ebf5e1a98]
Event: 0.479 Thread 0x0000022ed5022e10  438       3       jdk.internal.org.objectweb.asm.Attribute::putAttributes (78 bytes)
Event: 0.479 Thread 0x0000022ed5022e10 nmethod 438 0x0000022ebf5e1c90 code [0x0000022ebf5e1ee0, 0x0000022ebf5e2418]

GC Heap History (0 events):
No events

Dll operation events (3 events):
Event: 0.011 Loaded shared library C:\Users\nicol\.p2\pool\plugins\org.eclipse.justj.openjdk.hotspot.jre.full.win32.x86_64_17.0.5.v20221102-0933\jre\bin\java.dll
Event: 0.159 Loaded shared library C:\Users\nicol\.p2\pool\plugins\org.eclipse.justj.openjdk.hotspot.jre.full.win32.x86_64_17.0.5.v20221102-0933\jre\bin\jimage.dll
Event: 0.207 Loaded shared library C:\Users\nicol\.p2\pool\plugins\org.eclipse.justj.openjdk.hotspot.jre.full.win32.x86_64_17.0.5.v20221102-0933\jre\bin\awt.dll

Deoptimization events (0 events):
No events

Classes unloaded (0 events):
No events

Classes redefined (0 events):
No events

Internal exceptions (10 events):
Event: 0.191 Thread 0x0000022ebb8ef300 Exception <a 'java/lang/ClassNotFoundException'{0x00000000a6c4c828}: sun/awt/resources/spi/awtProvider> (0x00000000a6c4c828) 
thrown [s\src\hotspot\share\classfile\systemDictionary.cpp, line 256]
Event: 0.231 Thread 0x0000022ebb8ef300 Exception <a 'java/io/FileNotFoundException'{0x00000000a6ca76b0}> (0x00000000a6ca76b0) 
thrown [s\src\hotspot\share\prims\jni.cpp, line 516]
Event: 0.241 Thread 0x0000022ebb8ef300 Exception <a 'java/io/FileNotFoundException'{0x00000000a6cd4660}> (0x00000000a6cd4660) 
thrown [s\src\hotspot\share\prims\jni.cpp, line 516]
Event: 0.303 Thread 0x0000022ebb8ef300 Exception <a 'java/lang/NoSuchMethodError'{0x00000000a6b15a30}: 'java.lang.Object java.lang.invoke.DirectMethodHandle$Holder.invokeStaticInit(java.lang.Object)'> (0x00000000a6b15a30) 
thrown [s\src\hotspot\share\interpreter\linkResolver.cpp, line 759]
Event: 0.422 Thread 0x0000022ebb8ef300 Exception <a 'java/lang/NoSuchMethodError'{0x00000000a6b607c0}: 'void java.lang.invoke.DirectMethodHandle$Holder.invokeSpecial(java.lang.Object, java.lang.Object, java.lang.Object)'> (0x00000000a6b607c0) 
thrown [s\src\hotspot\share\interpreter\linkResolver.cpp, line 759]
Event: 0.435 Thread 0x0000022ebb8ef300 Exception <a 'java/lang/NoSuchMethodError'{0x00000000a6a00e40}: 'java.lang.Object java.lang.invoke.DirectMethodHandle$Holder.newInvokeSpecial(java.lang.Object, java.lang.Object, java.lang.Object, java.lang.Object, java.lang.Object)'> (0x00000000a6a00e40) 
thrown [s\src\hotspot\share\interpreter\linkResolver.cpp, line 759]
Event: 0.437 Thread 0x0000022ebb8ef300 Exception <a 'java/lang/NoSuchMethodError'{0x00000000a6a0c808}: 'java.lang.Object java.lang.invoke.DirectMethodHandle$Holder.invokeStatic(java.lang.Object, int, java.lang.Object, java.lang.Object, java.lang.Object, java.lang.Object)'> (0x00000000a6a0c808) 
thrown [s\src\hotspot\share\interpreter\linkResolver.cpp, line 759]
Event: 0.442 Thread 0x0000022ebb8ef300 Exception <a 'java/lang/NoSuchMethodError'{0x00000000a6a31fc8}: 'java.lang.Object java.lang.invoke.DirectMethodHandle$Holder.invokeStatic(java.lang.Object, int, java.lang.Object)'> (0x00000000a6a31fc8) 
thrown [s\src\hotspot\share\interpreter\linkResolver.cpp, line 759]
Event: 0.469 Thread 0x0000022ebb8ef300 Exception <a 'java/lang/ClassNotFoundException'{0x00000000a6ae9918}: com/sun/swing/internal/plaf/metal/resources/spi/metalProvider> (0x00000000a6ae9918) 
thrown [s\src\hotspot\share\classfile\systemDictionary.cpp, line 256]
Event: 0.470 Thread 0x0000022ebb8ef300 Exception <a 'java/lang/ClassNotFoundException'{0x00000000a6aee580}: com/sun/swing/internal/plaf/basic/resources/spi/basicProvider> (0x00000000a6aee580) 
thrown [s\src\hotspot\share\classfile\systemDictionary.cpp, line 256]

VM Operations (2 events):
Event: 0.469 Executing VM operation: HandshakeAllThreads
Event: 0.469 Executing VM operation: HandshakeAllThreads done

Events (20 events):
Event: 0.477 loading class javax/swing/InputMap
Event: 0.477 loading class javax/swing/InputMap done
Event: 0.477 loading class javax/swing/ComponentInputMap done
Event: 0.477 loading class javax/swing/plaf/ComponentInputMapUIResource done
Event: 0.477 loading class javax/swing/plaf/basic/BasicRootPaneUI$RootPaneInputMap done
Event: 0.477 loading class javax/swing/plaf/InputMapUIResource
Event: 0.477 loading class javax/swing/plaf/InputMapUIResource done
Event: 0.477 loading class java/util/StringTokenizer
Event: 0.477 loading class java/util/StringTokenizer done
Event: 0.478 loading class java/awt/VKCollection
Event: 0.478 loading class java/awt/VKCollection done
Event: 0.478 loading class java/awt/event/KeyEvent
Event: 0.479 loading class java/awt/event/KeyEvent done
Event: 0.479 loading class jdk/internal/reflect/UnsafeFieldAccessorFactory
Event: 0.479 loading class jdk/internal/reflect/UnsafeFieldAccessorFactory done
Event: 0.481 loading class java/awt/event/KeyEvent$1
Event: 0.481 loading class sun/awt/AWTAccessor$KeyEventAccessor
Event: 0.481 loading class sun/awt/AWTAccessor$KeyEventAccessor done
Event: 0.481 loading class java/awt/event/KeyEvent$1 done
Event: 0.481 loading class jdk/internal/reflect/UnsafeQualifiedStaticIntegerFieldAccessorImpl


Dynamic libraries:
0x00007ff614200000 - 0x00007ff61420e000 	C:\Users\nicol\.p2\pool\plugins\org.eclipse.justj.openjdk.hotspot.jre.full.win32.x86_64_17.0.5.v20221102-0933\jre\bin\javaw.exe
0x00007ffb043b0000 - 0x00007ffb045c7000 	C:\WINDOWS\SYSTEM32\ntdll.dll
0x00007ffb024e0000 - 0x00007ffb025a4000 	C:\WINDOWS\System32\KERNEL32.DLL
0x00007ffb01a80000 - 0x00007ffb01e26000 	C:\WINDOWS\System32\KERNELBASE.dll
0x00007ffb016f0000 - 0x00007ffb01801000 	C:\WINDOWS\System32\ucrtbase.dll
0x00007ffafcc60000 - 0x00007ffafcc77000 	C:\Users\nicol\.p2\pool\plugins\org.eclipse.justj.openjdk.hotspot.jre.full.win32.x86_64_17.0.5.v20221102-0933\jre\bin\jli.dll
0x00007ffaf44d0000 - 0x00007ffaf44e9000 	C:\Users\nicol\.p2\pool\plugins\org.eclipse.justj.openjdk.hotspot.jre.full.win32.x86_64_17.0.5.v20221102-0933\jre\bin\VCRUNTIME140.dll
0x00007ffb038b0000 - 0x00007ffb03a5e000 	C:\WINDOWS\System32\USER32.dll
0x00007ffb01890000 - 0x00007ffb018b6000 	C:\WINDOWS\System32\win32u.dll
0x00007ffaf11e0000 - 0x00007ffaf1473000 	C:\WINDOWS\WinSxS\amd64_microsoft.windows.common-controls_6595b64144ccf1df_6.0.22621.2506_none_270c5ae97388e100\COMCTL32.dll
0x00007ffb02490000 - 0x00007ffb024b9000 	C:\WINDOWS\System32\GDI32.dll
0x00007ffb02610000 - 0x00007ffb026b7000 	C:\WINDOWS\System32\msvcrt.dll
0x00007ffb018c0000 - 0x00007ffb019d8000 	C:\WINDOWS\System32\gdi32full.dll
0x00007ffb01fa0000 - 0x00007ffb0203a000 	C:\WINDOWS\System32\msvcp_win.dll
0x00007ffb03ec0000 - 0x00007ffb03ef1000 	C:\WINDOWS\System32\IMM32.DLL
0x00007ffafccf0000 - 0x00007ffafccfc000 	C:\Users\nicol\.p2\pool\plugins\org.eclipse.justj.openjdk.hotspot.jre.full.win32.x86_64_17.0.5.v20221102-0933\jre\bin\vcruntime140_1.dll
0x00007ffaf0780000 - 0x00007ffaf0811000 	C:\Users\nicol\.p2\pool\plugins\org.eclipse.justj.openjdk.hotspot.jre.full.win32.x86_64_17.0.5.v20221102-0933\jre\bin\msvcp140.dll
0x00007ffac6090000 - 0x00007ffac6cd4000 	C:\Users\nicol\.p2\pool\plugins\org.eclipse.justj.openjdk.hotspot.jre.full.win32.x86_64_17.0.5.v20221102-0933\jre\bin\server\jvm.dll
0x00007ffb026c0000 - 0x00007ffb02773000 	C:\WINDOWS\System32\ADVAPI32.dll
0x00007ffb042c0000 - 0x00007ffb04368000 	C:\WINDOWS\System32\sechost.dll
0x00007ffb019e0000 - 0x00007ffb01a08000 	C:\WINDOWS\System32\bcrypt.dll
0x00007ffb04110000 - 0x00007ffb04227000 	C:\WINDOWS\System32\RPCRT4.dll
0x00007ffaf9850000 - 0x00007ffaf9884000 	C:\WINDOWS\SYSTEM32\WINMM.dll
0x00007ffaf3f70000 - 0x00007ffaf3f79000 	C:\WINDOWS\SYSTEM32\WSOCK32.dll
0x00007ffb03e40000 - 0x00007ffb03eb1000 	C:\WINDOWS\System32\WS2_32.dll
0x00007ffafaef0000 - 0x00007ffafaefa000 	C:\WINDOWS\SYSTEM32\VERSION.dll
0x00007ffb00720000 - 0x00007ffb00738000 	C:\WINDOWS\SYSTEM32\kernel.appcore.dll
0x00007ffaf3f60000 - 0x00007ffaf3f6a000 	C:\Users\nicol\.p2\pool\plugins\org.eclipse.justj.openjdk.hotspot.jre.full.win32.x86_64_17.0.5.v20221102-0933\jre\bin\jimage.dll
0x00007ffaf7830000 - 0x00007ffaf7a63000 	C:\WINDOWS\SYSTEM32\DBGHELP.DLL
0x00007ffb02780000 - 0x00007ffb02b09000 	C:\WINDOWS\System32\combase.dll
0x00007ffb03f10000 - 0x00007ffb03fe7000 	C:\WINDOWS\System32\OLEAUT32.dll
0x00007ffae5fa0000 - 0x00007ffae5fd2000 	C:\WINDOWS\SYSTEM32\dbgcore.DLL
0x00007ffb01810000 - 0x00007ffb0188a000 	C:\WINDOWS\System32\bcryptPrimitives.dll
0x00007ffaf3280000 - 0x00007ffaf32a5000 	C:\Users\nicol\.p2\pool\plugins\org.eclipse.justj.openjdk.hotspot.jre.full.win32.x86_64_17.0.5.v20221102-0933\jre\bin\java.dll
0x00007ffaf3c10000 - 0x00007ffaf3c28000 	C:\Users\nicol\.p2\pool\plugins\org.eclipse.justj.openjdk.hotspot.jre.full.win32.x86_64_17.0.5.v20221102-0933\jre\bin\zip.dll
0x00007ffb02bc0000 - 0x00007ffb0341a000 	C:\WINDOWS\System32\SHELL32.dll
0x00007ffaff640000 - 0x00007ffafff36000 	C:\WINDOWS\SYSTEM32\windows.storage.dll
0x00007ffaff500000 - 0x00007ffaff63e000 	C:\WINDOWS\SYSTEM32\wintypes.dll
0x00007ffb04010000 - 0x00007ffb04103000 	C:\WINDOWS\System32\SHCORE.dll
0x00007ffb02430000 - 0x00007ffb0248e000 	C:\WINDOWS\System32\shlwapi.dll
0x00007ffb01620000 - 0x00007ffb01646000 	C:\WINDOWS\SYSTEM32\profapi.dll
0x00007ffaf0250000 - 0x00007ffaf03de000 	C:\Users\nicol\.p2\pool\plugins\org.eclipse.justj.openjdk.hotspot.jre.full.win32.x86_64_17.0.5.v20221102-0933\jre\bin\awt.dll
0x00007ffafea90000 - 0x00007ffafeb27000 	C:\WINDOWS\SYSTEM32\apphelp.dll
0x00007ffafeeb0000 - 0x00007ffafeedb000 	C:\WINDOWS\system32\DWMAPI.DLL
0x00007ffafec60000 - 0x00007ffafed0b000 	C:\WINDOWS\system32\uxtheme.dll
0x00007ffadb800000 - 0x00007ffadb900000 	C:\WINDOWS\system32\opengl32.dll
0x00007ffaf3610000 - 0x00007ffaf363d000 	C:\WINDOWS\SYSTEM32\GLU32.dll
0x00007ffafed60000 - 0x00007ffafed96000 	C:\WINDOWS\SYSTEM32\dxcore.dll
0x00007ffb02150000 - 0x00007ffb022a0000 	C:\WINDOWS\System32\MSCTF.dll
0x00007ffb03ca0000 - 0x00007ffb03e40000 	C:\WINDOWS\System32\ole32.dll
0x00007ffabafc0000 - 0x00007ffabb169000 	C:\WINDOWS\system32\d3d9.dll
0x00007ffaf6fc0000 - 0x00007ffaf719b000 	C:\WINDOWS\System32\DriverStore\FileRepository\u0364341.inf_amd64_c22b73fb0c3a32d3\B364190\aticfx64.dll
0x00007ffadebf0000 - 0x00007ffadec23000 	C:\WINDOWS\System32\DriverStore\FileRepository\u0364341.inf_amd64_c22b73fb0c3a32d3\B364190\atiu9p64.dll
0x00007ffac0be0000 - 0x00007ffac1876000 	C:\WINDOWS\System32\DriverStore\FileRepository\u0364341.inf_amd64_c22b73fb0c3a32d3\B364190\atiumd64.dll
0x00007ffaf5430000 - 0x00007ffaf545f000 	C:\WINDOWS\SYSTEM32\amdihk64.dll
0x00007ffafb930000 - 0x00007ffafb97a000 	C:\WINDOWS\SYSTEM32\directxdatabasehelper.dll

dbghelp: loaded successfully - version: 4.0.5 - missing functions: none
symbol engine: initialized successfully - sym options: 0x614 - pdb path: .;C:\Users\nicol\.p2\pool\plugins\org.eclipse.justj.openjdk.hotspot.jre.full.win32.x86_64_17.0.5.v20221102-0933\jre\bin;C:\WINDOWS\SYSTEM32;C:\WINDOWS\WinSxS\amd64_microsoft.windows.common-controls_6595b64144ccf1df_6.0.22621.2506_none_270c5ae97388e100;C:\Users\nicol\.p2\pool\plugins\org.eclipse.justj.openjdk.hotspot.jre.full.win32.x86_64_17.0.5.v20221102-0933\jre\bin\server;C:\WINDOWS\System32\DriverStore\FileRepository\u0364341.inf_amd64_c22b73fb0c3a32d3\B364190

VM Arguments:
jvm_args: -Dfile.encoding=UTF-8 -XX:+ShowCodeDetailsInExceptionMessages 
java_command: MedienverwaltungMain
java_class_path (initial): C:\Users\nicol\Documents\Schule\TSW\2. Jahr\Java\Medienverwaltung\bin
Launcher Type: SUN_STANDARD

[Global flags]
     intx CICompilerCount                          = 4                                         {product} {ergonomic}
     uint ConcGCThreads                            = 2                                         {product} {ergonomic}
     uint G1ConcRefinementThreads                  = 8                                         {product} {ergonomic}
   size_t G1HeapRegionSize                         = 1048576                                   {product} {ergonomic}
    uintx GCDrainStackTargetSize                   = 64                                        {product} {ergonomic}
   size_t InitialHeapSize                          = 100663296                                 {product} {ergonomic}
   size_t MarkStackSize                            = 4194304                                   {product} {ergonomic}
   size_t MaxHeapSize                              = 1595932672                                {product} {ergonomic}
   size_t MaxNewSize                               = 957349888                                 {product} {ergonomic}
   size_t MinHeapDeltaBytes                        = 1048576                                   {product} {ergonomic}
   size_t MinHeapSize                              = 8388608                                   {product} {ergonomic}
    uintx NonNMethodCodeHeapSize                   = 5839372                                {pd product} {ergonomic}
    uintx NonProfiledCodeHeapSize                  = 122909434                              {pd product} {ergonomic}
    uintx ProfiledCodeHeapSize                     = 122909434                              {pd product} {ergonomic}
    uintx ReservedCodeCacheSize                    = 251658240                              {pd product} {ergonomic}
     bool SegmentedCodeCache                       = true                                      {product} {ergonomic}
     bool ShowCodeDetailsInExceptionMessages       = true                                   {manageable} {command line}
   size_t SoftMaxHeapSize                          = 1595932672                             {manageable} {ergonomic}
     bool UseCompressedClassPointers               = true                           {product lp64_product} {ergonomic}
     bool UseCompressedOops                        = true                           {product lp64_product} {ergonomic}
     bool UseG1GC                                  = true                                      {product} {ergonomic}
     bool UseLargePagesIndividualAllocation        = false                                  {pd product} {ergonomic}

Logging:
Log output configuration:
 #0: stdout all=warning uptime,level,tags
 #1: stderr all=off uptime,level,tags

Environment Variables:
PATH=C:/Users/nicol/.p2/pool/plugins/org.eclipse.justj.openjdk.hotspot.jre.full.win32.x86_64_17.0.5.v20221102-0933/jre/bin/server;C:/Users/nicol/.p2/pool/plugins/org.eclipse.justj.openjdk.hotspot.jre.full.win32.x86_64_17.0.5.v20221102-0933/jre/bin;C:\Program Files\Microsoft\jdk-11.0.16.101-hotspot\bin;C:\Program Files (x86)\Common Files\Oracle\Java\javapath;C:\WINDOWS\system32;C:\WINDOWS;C:\WINDOWS\System32\Wbem;C:\WINDOWS\System32\WindowsPowerShell\v1.0\;C:\WINDOWS\System32\OpenSSH\;C:\Program Files\Microsoft SQL Server\150\Tools\Binn\;C:\Program Files\Microsoft SQL Server\Client SDK\ODBC\170\Tools\Binn\;C:\Program Files\dotnet\;C:\Users\nicol\AppData\Local\Microsoft\WindowsApps;C:\Program Files (x86)\Brackets\;C:\Users\nicol\AppData\Local\GitHubDesktop\bin;C:\Users\nicol\.dotnet\tools;C:\Users\nicol\AppData\Local\Programs\Microsoft VS Code\bin;C:\WINDOWS\System32;
USERNAME=nicol
OS=Windows_NT
PROCESSOR_IDENTIFIER=AMD64 Family 23 Model 24 Stepping 1, AuthenticAMD
TMP=C:\Users\nicol\AppData\Local\Temp
TEMP=C:\Users\nicol\AppData\Local\Temp



---------------  S Y S T E M  ---------------

OS:
 Windows 11 , 64 bit Build 22621 (10.0.22621.2506)
OS uptime: 11 days 5:25 hours

CPU: total 8 (initial active 8) (8 cores per cpu, 2 threads per core) family 23 model 24 stepping 1 microcode 0x0, cx8, cmov, fxsr, ht, mmx, 3dnowpref, sse, sse2, sse3, ssse3, sse4a, sse4.1, sse4.2, popcnt, lzcnt, tsc, tscinvbit, avx, avx2, aes, clmul, bmi1, bmi2, adx, sha, fma, vzeroupper, clflush, clflushopt

Memory: 4k page, system-wide physical 6081M (287M free)
TotalPageFile size 24513M (AvailPageFile size 1M)
current process WorkingSet (physical memory assigned to process): 53M, peak: 53M
current process commit charge ("private bytes"): 183M, peak: 186M

vm_info: OpenJDK 64-Bit Server VM (17.0.5+8) for windows-amd64 JRE (17.0.5+8), built on Oct 19 2022 04:48:13 by "temurin" with MS VC++ 16.7 (VS2019)

END.
