#
# There is insufficient memory for the Java Runtime Environment to continue.
# Native memory allocation (mmap) failed to map 65536 bytes for Failed to commit metaspace.
# Possible reasons:
#   The system is out of physical RAM or swap space
#   The process is running with CompressedOops enabled, and the Java Heap may be blocking the growth of the native heap
# Possible solutions:
#   Reduce memory load on the system
#   Increase physical memory or swap space
#   Check if swap backing store is full
#   Decrease Java heap size (-Xmx/-Xms)
#   Decrease number of Java threads
#   Decrease Java thread stack sizes (-Xss)
#   Set larger code cache with -XX:ReservedCodeCacheSize=
#   JVM is running with Unscaled Compressed Oops mode in which the Java heap is
#     placed in the first 4GB address space. The Java Heap base address is the
#     maximum limit for the native heap growth. Please use -XX:HeapBaseMinAddress
#     to set the Java Heap base and to place the Java Heap above 4GB virtual address.
# This output file may be truncated or incomplete.
#
#  Out of Memory Error (virtualSpaceNode.cpp:110), pid=5168, tid=25584
#
# JRE version: OpenJDK Runtime Environment Temurin-17.0.5+8 (17.0.5+8) (build 17.0.5+8)
# Java VM: OpenJDK 64-Bit Server VM Temurin-17.0.5+8 (17.0.5+8, mixed mode, tiered, compressed oops, compressed class ptrs, g1 gc, windows-amd64)
# No core dump will be written. Minidumps are not enabled by default on client versions of Windows
#

---------------  S U M M A R Y ------------

Command Line: -Dfile.encoding=UTF-8 -XX:+ShowCodeDetailsInExceptionMessages PersonalMain

Host: AMD Ryzen 5 3500U with Radeon Vega Mobile Gfx  , 8 cores, 5G,  Windows 11 , 64 bit Build 22621 (10.0.22621.2428)
Time: Thu Oct 26 08:49:46 2023 Mitteleuropäische Sommerzeit elapsed time: 0.497702 seconds (0d 0h 0m 0s)

---------------  T H R E A D  ---------------

Current thread (0x000002c08dfd7070):  JavaThread "main" [_thread_in_vm, id=25584, stack(0x000000edb8400000,0x000000edb8500000)]

Stack: [0x000000edb8400000,0x000000edb8500000]
Native frames: (J=compiled Java code, j=interpreted, Vv=VM code, C=native code)
V  [jvm.dll+0x676b3a]
V  [jvm.dll+0x831444]
V  [jvm.dll+0x832bee]
V  [jvm.dll+0x833253]
V  [jvm.dll+0x244ce5]
V  [jvm.dll+0x82d4db]
V  [jvm.dll+0x61b2f6]
V  [jvm.dll+0x61b35a]
V  [jvm.dll+0x61db7a]
V  [jvm.dll+0x61bc96]
V  [jvm.dll+0x23a7d0]
V  [jvm.dll+0x1ea39d]
V  [jvm.dll+0x1dfdd1]
V  [jvm.dll+0x53be30]
V  [jvm.dll+0x1f05a7]
V  [jvm.dll+0x7ab9db]
V  [jvm.dll+0x7acd82]
V  [jvm.dll+0x7ad519]
V  [jvm.dll+0x1eabe4]
V  [jvm.dll+0x1dfdea]
V  [jvm.dll+0x53be30]
V  [jvm.dll+0x1f05a7]
V  [jvm.dll+0x7ab9db]
V  [jvm.dll+0x7acd82]
V  [jvm.dll+0x7ad0b8]
V  [jvm.dll+0x23d0ee]
V  [jvm.dll+0x37e55e]
C  0x000002c0916ab6e4

Java frames: (J=compiled Java code, j=interpreted, Vv=VM code)
j  javax.swing.JScrollPane.<init>(Ljava/awt/Component;II)V+22 java.desktop@17.0.5
j  javax.swing.JScrollPane.<init>(Ljava/awt/Component;)V+6 java.desktop@17.0.5
j  PersonalGUI.start()V+200
j  PersonalMain.main([Ljava/lang/String;)V+58
v  ~StubRoutines::call_stub

---------------  P R O C E S S  ---------------

Threads class SMR info:
_java_thread_list=0x000002c0a7bfb290, length=15, elements={
0x000002c08dfd7070, 0x000002c0a6c883d0, 0x000002c0a6c8a0f0, 0x000002c0a6cdc010,
0x000002c0a6cdcad0, 0x000002c0a6cdd490, 0x000002c0a6cdde40, 0x000002c0a780e830,
0x000002c0a78112f0, 0x000002c0a7816400, 0x000002c0a79a0110, 0x000002c0a79b5080,
0x000002c0a7c93ae0, 0x000002c0a7c9a330, 0x000002c0a7c96a70
}

Java Threads: ( => current thread )
=>0x000002c08dfd7070 JavaThread "main" [_thread_in_vm, id=25584, stack(0x000000edb8400000,0x000000edb8500000)]
  0x000002c0a6c883d0 JavaThread "Reference Handler" daemon [_thread_blocked, id=24436, stack(0x000000edb8b00000,0x000000edb8c00000)]
  0x000002c0a6c8a0f0 JavaThread "Finalizer" daemon [_thread_blocked, id=20316, stack(0x000000edb8c00000,0x000000edb8d00000)]
  0x000002c0a6cdc010 JavaThread "Signal Dispatcher" daemon [_thread_blocked, id=18040, stack(0x000000edb8d00000,0x000000edb8e00000)]
  0x000002c0a6cdcad0 JavaThread "Attach Listener" daemon [_thread_blocked, id=20224, stack(0x000000edb8e00000,0x000000edb8f00000)]
  0x000002c0a6cdd490 JavaThread "Service Thread" daemon [_thread_blocked, id=23168, stack(0x000000edb8f00000,0x000000edb9000000)]
  0x000002c0a6cdde40 JavaThread "Monitor Deflation Thread" daemon [_thread_blocked, id=25592, stack(0x000000edb9000000,0x000000edb9100000)]
  0x000002c0a780e830 JavaThread "C2 CompilerThread0" daemon [_thread_blocked, id=25596, stack(0x000000edb9100000,0x000000edb9200000)]
  0x000002c0a78112f0 JavaThread "C1 CompilerThread0" daemon [_thread_in_vm, id=12728, stack(0x000000edb9200000,0x000000edb9300000)]
  0x000002c0a7816400 JavaThread "Sweeper thread" daemon [_thread_blocked, id=23664, stack(0x000000edb9300000,0x000000edb9400000)]
  0x000002c0a79a0110 JavaThread "Notification Thread" daemon [_thread_blocked, id=6368, stack(0x000000edb9400000,0x000000edb9500000)]
  0x000002c0a79b5080 JavaThread "Common-Cleaner" daemon [_thread_blocked, id=22964, stack(0x000000edb9600000,0x000000edb9700000)]
  0x000002c0a7c93ae0 JavaThread "Java2D Disposer" daemon [_thread_blocked, id=23532, stack(0x000000edb9700000,0x000000edb9800000)]
  0x000002c0a7c9a330 JavaThread "AWT-Shutdown" [_thread_blocked, id=24300, stack(0x000000edb9800000,0x000000edb9900000)]
  0x000002c0a7c96a70 JavaThread "AWT-Windows" daemon [_thread_in_native, id=24180, stack(0x000000edb9900000,0x000000edb9a00000)]

Other Threads:
  0x000002c0a6c9f630 VMThread "VM Thread" [stack: 0x000000edb8a00000,0x000000edb8b00000] [id=24372]
  0x000002c0a79a0bf0 WatcherThread [stack: 0x000000edb9500000,0x000000edb9600000] [id=23200]
  0x000002c08e02c310 GCTaskThread "GC Thread#0" [stack: 0x000000edb8500000,0x000000edb8600000] [id=25588]
  0x000002c08e03a840 ConcurrentGCThread "G1 Main Marker" [stack: 0x000000edb8600000,0x000000edb8700000] [id=24636]
  0x000002c08e03b250 ConcurrentGCThread "G1 Conc#0" [stack: 0x000000edb8700000,0x000000edb8800000] [id=23464]
  0x000002c08e09ea90 ConcurrentGCThread "G1 Refine#0" [stack: 0x000000edb8800000,0x000000edb8900000] [id=10328]
  0x000002c0a6af25f0 ConcurrentGCThread "G1 Service" [stack: 0x000000edb8900000,0x000000edb8a00000] [id=24168]

Threads with active compile tasks:
C1 CompilerThread0      519  477       3       javax.swing.ArrayTable::put (191 bytes)

VM state: not at safepoint (normal execution)

VM Mutex/Monitor currently owned by a thread:  ([mutex/lock_event])
[0x000002c08dfc5e10] Metaspace_lock - owner thread: 0x000002c08dfd7070
[0x000002c08befaff0] MethodData_lock - owner thread: 0x000002c0a78112f0

Heap address: 0x00000000a0e00000, size: 1522 MB, Compressed Oops mode: 32-bit

CDS archive(s) not mapped
Compressed class space mapped at: 0x0000000100000000-0x0000000140000000, reserved size: 1073741824
Narrow klass base: 0x0000000000000000, Narrow klass shift: 3, Narrow klass range: 0x140000000

GC Precious Log:
 CPUs: 8 total, 8 available
 Memory: 6081M
 Large Page Support: Disabled
 NUMA Support: Disabled
 Compressed Oops: Enabled (32-bit)
 Heap Region Size: 1M
 Heap Min Capacity: 8M
 Heap Initial Capacity: 96M
 Heap Max Capacity: 1522M
 Pre-touch: Disabled
 Parallel Workers: 8
 Concurrent Workers: 2
 Concurrent Refinement Workers: 8
 Periodic GC: Disabled

Heap:
 garbage-first heap   total 98304K, used 4096K [0x00000000a0e00000, 0x0000000100000000)
  region size 1024K, 5 young (5120K), 0 survivors (0K)
 Metaspace       used 10937K, committed 11072K, reserved 1064960K
  class space    used 1090K, committed 1152K, reserved 1048576K

Heap Regions: E=young(eden), S=young(survivor), O=old, HS=humongous(starts), HC=humongous(continues), CS=collection set, F=free, OA=open archive, CA=closed archive, TAMS=top-at-mark-start (previous, next)
|   0|0x00000000a0e00000, 0x00000000a0e00000, 0x00000000a0f00000|  0%| F|  |TAMS 0x00000000a0e00000, 0x00000000a0e00000| Untracked 
|   1|0x00000000a0f00000, 0x00000000a0f00000, 0x00000000a1000000|  0%| F|  |TAMS 0x00000000a0f00000, 0x00000000a0f00000| Untracked 
|   2|0x00000000a1000000, 0x00000000a1000000, 0x00000000a1100000|  0%| F|  |TAMS 0x00000000a1000000, 0x00000000a1000000| Untracked 
|   3|0x00000000a1100000, 0x00000000a1100000, 0x00000000a1200000|  0%| F|  |TAMS 0x00000000a1100000, 0x00000000a1100000| Untracked 
|   4|0x00000000a1200000, 0x00000000a1200000, 0x00000000a1300000|  0%| F|  |TAMS 0x00000000a1200000, 0x00000000a1200000| Untracked 
|   5|0x00000000a1300000, 0x00000000a1300000, 0x00000000a1400000|  0%| F|  |TAMS 0x00000000a1300000, 0x00000000a1300000| Untracked 
|   6|0x00000000a1400000, 0x00000000a1400000, 0x00000000a1500000|  0%| F|  |TAMS 0x00000000a1400000, 0x00000000a1400000| Untracked 
|   7|0x00000000a1500000, 0x00000000a1500000, 0x00000000a1600000|  0%| F|  |TAMS 0x00000000a1500000, 0x00000000a1500000| Untracked 
|   8|0x00000000a1600000, 0x00000000a1600000, 0x00000000a1700000|  0%| F|  |TAMS 0x00000000a1600000, 0x00000000a1600000| Untracked 
|   9|0x00000000a1700000, 0x00000000a1700000, 0x00000000a1800000|  0%| F|  |TAMS 0x00000000a1700000, 0x00000000a1700000| Untracked 
|  10|0x00000000a1800000, 0x00000000a1800000, 0x00000000a1900000|  0%| F|  |TAMS 0x00000000a1800000, 0x00000000a1800000| Untracked 
|  11|0x00000000a1900000, 0x00000000a1900000, 0x00000000a1a00000|  0%| F|  |TAMS 0x00000000a1900000, 0x00000000a1900000| Untracked 
|  12|0x00000000a1a00000, 0x00000000a1a00000, 0x00000000a1b00000|  0%| F|  |TAMS 0x00000000a1a00000, 0x00000000a1a00000| Untracked 
|  13|0x00000000a1b00000, 0x00000000a1b00000, 0x00000000a1c00000|  0%| F|  |TAMS 0x00000000a1b00000, 0x00000000a1b00000| Untracked 
|  14|0x00000000a1c00000, 0x00000000a1c00000, 0x00000000a1d00000|  0%| F|  |TAMS 0x00000000a1c00000, 0x00000000a1c00000| Untracked 
|  15|0x00000000a1d00000, 0x00000000a1d00000, 0x00000000a1e00000|  0%| F|  |TAMS 0x00000000a1d00000, 0x00000000a1d00000| Untracked 
|  16|0x00000000a1e00000, 0x00000000a1e00000, 0x00000000a1f00000|  0%| F|  |TAMS 0x00000000a1e00000, 0x00000000a1e00000| Untracked 
|  17|0x00000000a1f00000, 0x00000000a1f00000, 0x00000000a2000000|  0%| F|  |TAMS 0x00000000a1f00000, 0x00000000a1f00000| Untracked 
|  18|0x00000000a2000000, 0x00000000a2000000, 0x00000000a2100000|  0%| F|  |TAMS 0x00000000a2000000, 0x00000000a2000000| Untracked 
|  19|0x00000000a2100000, 0x00000000a2100000, 0x00000000a2200000|  0%| F|  |TAMS 0x00000000a2100000, 0x00000000a2100000| Untracked 
|  20|0x00000000a2200000, 0x00000000a2200000, 0x00000000a2300000|  0%| F|  |TAMS 0x00000000a2200000, 0x00000000a2200000| Untracked 
|  21|0x00000000a2300000, 0x00000000a2300000, 0x00000000a2400000|  0%| F|  |TAMS 0x00000000a2300000, 0x00000000a2300000| Untracked 
|  22|0x00000000a2400000, 0x00000000a2400000, 0x00000000a2500000|  0%| F|  |TAMS 0x00000000a2400000, 0x00000000a2400000| Untracked 
|  23|0x00000000a2500000, 0x00000000a2500000, 0x00000000a2600000|  0%| F|  |TAMS 0x00000000a2500000, 0x00000000a2500000| Untracked 
|  24|0x00000000a2600000, 0x00000000a2600000, 0x00000000a2700000|  0%| F|  |TAMS 0x00000000a2600000, 0x00000000a2600000| Untracked 
|  25|0x00000000a2700000, 0x00000000a2700000, 0x00000000a2800000|  0%| F|  |TAMS 0x00000000a2700000, 0x00000000a2700000| Untracked 
|  26|0x00000000a2800000, 0x00000000a2800000, 0x00000000a2900000|  0%| F|  |TAMS 0x00000000a2800000, 0x00000000a2800000| Untracked 
|  27|0x00000000a2900000, 0x00000000a2900000, 0x00000000a2a00000|  0%| F|  |TAMS 0x00000000a2900000, 0x00000000a2900000| Untracked 
|  28|0x00000000a2a00000, 0x00000000a2a00000, 0x00000000a2b00000|  0%| F|  |TAMS 0x00000000a2a00000, 0x00000000a2a00000| Untracked 
|  29|0x00000000a2b00000, 0x00000000a2b00000, 0x00000000a2c00000|  0%| F|  |TAMS 0x00000000a2b00000, 0x00000000a2b00000| Untracked 
|  30|0x00000000a2c00000, 0x00000000a2c00000, 0x00000000a2d00000|  0%| F|  |TAMS 0x00000000a2c00000, 0x00000000a2c00000| Untracked 
|  31|0x00000000a2d00000, 0x00000000a2d00000, 0x00000000a2e00000|  0%| F|  |TAMS 0x00000000a2d00000, 0x00000000a2d00000| Untracked 
|  32|0x00000000a2e00000, 0x00000000a2e00000, 0x00000000a2f00000|  0%| F|  |TAMS 0x00000000a2e00000, 0x00000000a2e00000| Untracked 
|  33|0x00000000a2f00000, 0x00000000a2f00000, 0x00000000a3000000|  0%| F|  |TAMS 0x00000000a2f00000, 0x00000000a2f00000| Untracked 
|  34|0x00000000a3000000, 0x00000000a3000000, 0x00000000a3100000|  0%| F|  |TAMS 0x00000000a3000000, 0x00000000a3000000| Untracked 
|  35|0x00000000a3100000, 0x00000000a3100000, 0x00000000a3200000|  0%| F|  |TAMS 0x00000000a3100000, 0x00000000a3100000| Untracked 
|  36|0x00000000a3200000, 0x00000000a3200000, 0x00000000a3300000|  0%| F|  |TAMS 0x00000000a3200000, 0x00000000a3200000| Untracked 
|  37|0x00000000a3300000, 0x00000000a3300000, 0x00000000a3400000|  0%| F|  |TAMS 0x00000000a3300000, 0x00000000a3300000| Untracked 
|  38|0x00000000a3400000, 0x00000000a3400000, 0x00000000a3500000|  0%| F|  |TAMS 0x00000000a3400000, 0x00000000a3400000| Untracked 
|  39|0x00000000a3500000, 0x00000000a3500000, 0x00000000a3600000|  0%| F|  |TAMS 0x00000000a3500000, 0x00000000a3500000| Untracked 
|  40|0x00000000a3600000, 0x00000000a3600000, 0x00000000a3700000|  0%| F|  |TAMS 0x00000000a3600000, 0x00000000a3600000| Untracked 
|  41|0x00000000a3700000, 0x00000000a3700000, 0x00000000a3800000|  0%| F|  |TAMS 0x00000000a3700000, 0x00000000a3700000| Untracked 
|  42|0x00000000a3800000, 0x00000000a3800000, 0x00000000a3900000|  0%| F|  |TAMS 0x00000000a3800000, 0x00000000a3800000| Untracked 
|  43|0x00000000a3900000, 0x00000000a3900000, 0x00000000a3a00000|  0%| F|  |TAMS 0x00000000a3900000, 0x00000000a3900000| Untracked 
|  44|0x00000000a3a00000, 0x00000000a3a00000, 0x00000000a3b00000|  0%| F|  |TAMS 0x00000000a3a00000, 0x00000000a3a00000| Untracked 
|  45|0x00000000a3b00000, 0x00000000a3b00000, 0x00000000a3c00000|  0%| F|  |TAMS 0x00000000a3b00000, 0x00000000a3b00000| Untracked 
|  46|0x00000000a3c00000, 0x00000000a3c00000, 0x00000000a3d00000|  0%| F|  |TAMS 0x00000000a3c00000, 0x00000000a3c00000| Untracked 
|  47|0x00000000a3d00000, 0x00000000a3d00000, 0x00000000a3e00000|  0%| F|  |TAMS 0x00000000a3d00000, 0x00000000a3d00000| Untracked 
|  48|0x00000000a3e00000, 0x00000000a3e00000, 0x00000000a3f00000|  0%| F|  |TAMS 0x00000000a3e00000, 0x00000000a3e00000| Untracked 
|  49|0x00000000a3f00000, 0x00000000a3f00000, 0x00000000a4000000|  0%| F|  |TAMS 0x00000000a3f00000, 0x00000000a3f00000| Untracked 
|  50|0x00000000a4000000, 0x00000000a4000000, 0x00000000a4100000|  0%| F|  |TAMS 0x00000000a4000000, 0x00000000a4000000| Untracked 
|  51|0x00000000a4100000, 0x00000000a4100000, 0x00000000a4200000|  0%| F|  |TAMS 0x00000000a4100000, 0x00000000a4100000| Untracked 
|  52|0x00000000a4200000, 0x00000000a4200000, 0x00000000a4300000|  0%| F|  |TAMS 0x00000000a4200000, 0x00000000a4200000| Untracked 
|  53|0x00000000a4300000, 0x00000000a4300000, 0x00000000a4400000|  0%| F|  |TAMS 0x00000000a4300000, 0x00000000a4300000| Untracked 
|  54|0x00000000a4400000, 0x00000000a4400000, 0x00000000a4500000|  0%| F|  |TAMS 0x00000000a4400000, 0x00000000a4400000| Untracked 
|  55|0x00000000a4500000, 0x00000000a4500000, 0x00000000a4600000|  0%| F|  |TAMS 0x00000000a4500000, 0x00000000a4500000| Untracked 
|  56|0x00000000a4600000, 0x00000000a4600000, 0x00000000a4700000|  0%| F|  |TAMS 0x00000000a4600000, 0x00000000a4600000| Untracked 
|  57|0x00000000a4700000, 0x00000000a4700000, 0x00000000a4800000|  0%| F|  |TAMS 0x00000000a4700000, 0x00000000a4700000| Untracked 
|  58|0x00000000a4800000, 0x00000000a4800000, 0x00000000a4900000|  0%| F|  |TAMS 0x00000000a4800000, 0x00000000a4800000| Untracked 
|  59|0x00000000a4900000, 0x00000000a4900000, 0x00000000a4a00000|  0%| F|  |TAMS 0x00000000a4900000, 0x00000000a4900000| Untracked 
|  60|0x00000000a4a00000, 0x00000000a4a00000, 0x00000000a4b00000|  0%| F|  |TAMS 0x00000000a4a00000, 0x00000000a4a00000| Untracked 
|  61|0x00000000a4b00000, 0x00000000a4b00000, 0x00000000a4c00000|  0%| F|  |TAMS 0x00000000a4b00000, 0x00000000a4b00000| Untracked 
|  62|0x00000000a4c00000, 0x00000000a4c00000, 0x00000000a4d00000|  0%| F|  |TAMS 0x00000000a4c00000, 0x00000000a4c00000| Untracked 
|  63|0x00000000a4d00000, 0x00000000a4d00000, 0x00000000a4e00000|  0%| F|  |TAMS 0x00000000a4d00000, 0x00000000a4d00000| Untracked 
|  64|0x00000000a4e00000, 0x00000000a4e00000, 0x00000000a4f00000|  0%| F|  |TAMS 0x00000000a4e00000, 0x00000000a4e00000| Untracked 
|  65|0x00000000a4f00000, 0x00000000a4f00000, 0x00000000a5000000|  0%| F|  |TAMS 0x00000000a4f00000, 0x00000000a4f00000| Untracked 
|  66|0x00000000a5000000, 0x00000000a5000000, 0x00000000a5100000|  0%| F|  |TAMS 0x00000000a5000000, 0x00000000a5000000| Untracked 
|  67|0x00000000a5100000, 0x00000000a5100000, 0x00000000a5200000|  0%| F|  |TAMS 0x00000000a5100000, 0x00000000a5100000| Untracked 
|  68|0x00000000a5200000, 0x00000000a5200000, 0x00000000a5300000|  0%| F|  |TAMS 0x00000000a5200000, 0x00000000a5200000| Untracked 
|  69|0x00000000a5300000, 0x00000000a5300000, 0x00000000a5400000|  0%| F|  |TAMS 0x00000000a5300000, 0x00000000a5300000| Untracked 
|  70|0x00000000a5400000, 0x00000000a5400000, 0x00000000a5500000|  0%| F|  |TAMS 0x00000000a5400000, 0x00000000a5400000| Untracked 
|  71|0x00000000a5500000, 0x00000000a5500000, 0x00000000a5600000|  0%| F|  |TAMS 0x00000000a5500000, 0x00000000a5500000| Untracked 
|  72|0x00000000a5600000, 0x00000000a5600000, 0x00000000a5700000|  0%| F|  |TAMS 0x00000000a5600000, 0x00000000a5600000| Untracked 
|  73|0x00000000a5700000, 0x00000000a5700000, 0x00000000a5800000|  0%| F|  |TAMS 0x00000000a5700000, 0x00000000a5700000| Untracked 
|  74|0x00000000a5800000, 0x00000000a5800000, 0x00000000a5900000|  0%| F|  |TAMS 0x00000000a5800000, 0x00000000a5800000| Untracked 
|  75|0x00000000a5900000, 0x00000000a5900000, 0x00000000a5a00000|  0%| F|  |TAMS 0x00000000a5900000, 0x00000000a5900000| Untracked 
|  76|0x00000000a5a00000, 0x00000000a5a00000, 0x00000000a5b00000|  0%| F|  |TAMS 0x00000000a5a00000, 0x00000000a5a00000| Untracked 
|  77|0x00000000a5b00000, 0x00000000a5b00000, 0x00000000a5c00000|  0%| F|  |TAMS 0x00000000a5b00000, 0x00000000a5b00000| Untracked 
|  78|0x00000000a5c00000, 0x00000000a5c00000, 0x00000000a5d00000|  0%| F|  |TAMS 0x00000000a5c00000, 0x00000000a5c00000| Untracked 
|  79|0x00000000a5d00000, 0x00000000a5d00000, 0x00000000a5e00000|  0%| F|  |TAMS 0x00000000a5d00000, 0x00000000a5d00000| Untracked 
|  80|0x00000000a5e00000, 0x00000000a5e00000, 0x00000000a5f00000|  0%| F|  |TAMS 0x00000000a5e00000, 0x00000000a5e00000| Untracked 
|  81|0x00000000a5f00000, 0x00000000a5f00000, 0x00000000a6000000|  0%| F|  |TAMS 0x00000000a5f00000, 0x00000000a5f00000| Untracked 
|  82|0x00000000a6000000, 0x00000000a6000000, 0x00000000a6100000|  0%| F|  |TAMS 0x00000000a6000000, 0x00000000a6000000| Untracked 
|  83|0x00000000a6100000, 0x00000000a6100000, 0x00000000a6200000|  0%| F|  |TAMS 0x00000000a6100000, 0x00000000a6100000| Untracked 
|  84|0x00000000a6200000, 0x00000000a6200000, 0x00000000a6300000|  0%| F|  |TAMS 0x00000000a6200000, 0x00000000a6200000| Untracked 
|  85|0x00000000a6300000, 0x00000000a6300000, 0x00000000a6400000|  0%| F|  |TAMS 0x00000000a6300000, 0x00000000a6300000| Untracked 
|  86|0x00000000a6400000, 0x00000000a6400000, 0x00000000a6500000|  0%| F|  |TAMS 0x00000000a6400000, 0x00000000a6400000| Untracked 
|  87|0x00000000a6500000, 0x00000000a6500000, 0x00000000a6600000|  0%| F|  |TAMS 0x00000000a6500000, 0x00000000a6500000| Untracked 
|  88|0x00000000a6600000, 0x00000000a6600000, 0x00000000a6700000|  0%| F|  |TAMS 0x00000000a6600000, 0x00000000a6600000| Untracked 
|  89|0x00000000a6700000, 0x00000000a6700000, 0x00000000a6800000|  0%| F|  |TAMS 0x00000000a6700000, 0x00000000a6700000| Untracked 
|  90|0x00000000a6800000, 0x00000000a6800000, 0x00000000a6900000|  0%| F|  |TAMS 0x00000000a6800000, 0x00000000a6800000| Untracked 
|  91|0x00000000a6900000, 0x00000000a6976448, 0x00000000a6a00000| 46%| E|  |TAMS 0x00000000a6900000, 0x00000000a6900000| Complete 
|  92|0x00000000a6a00000, 0x00000000a6b00000, 0x00000000a6b00000|100%| E|CS|TAMS 0x00000000a6a00000, 0x00000000a6a00000| Complete 
|  93|0x00000000a6b00000, 0x00000000a6c00000, 0x00000000a6c00000|100%| E|CS|TAMS 0x00000000a6b00000, 0x00000000a6b00000| Complete 
|  94|0x00000000a6c00000, 0x00000000a6d00000, 0x00000000a6d00000|100%| E|CS|TAMS 0x00000000a6c00000, 0x00000000a6c00000| Complete 
|  95|0x00000000a6d00000, 0x00000000a6e00000, 0x00000000a6e00000|100%| E|CS|TAMS 0x00000000a6d00000, 0x00000000a6d00000| Complete 

Card table byte_map: [0x000002c0a0cc0000,0x000002c0a0fc0000] _byte_map_base: 0x000002c0a07b9000

Marking Bits (Prev, Next): (CMBitMap*) 0x000002c08e02d930, (CMBitMap*) 0x000002c08e02d970
 Prev Bits: [0x000002c0a12c0000, 0x000002c0a2a88000)
 Next Bits: [0x000002c0a2a90000, 0x000002c0a4258000)

Polling page: 0x000002c08bfa0000

Metaspace:

Usage:
  Non-class:      9.62 MB used.
      Class:      1.07 MB used.
       Both:     10.68 MB used.

Virtual space:
  Non-class space:       16.00 MB reserved,       9.69 MB ( 61%) committed,  2 nodes.
      Class space:        1.00 GB reserved,       1.12 MB ( <1%) committed,  1 nodes.
             Both:        1.02 GB reserved,      10.81 MB (  1%) committed. 

Chunk freelists:
   Non-Class:  2.23 MB
       Class:  2.75 MB
        Both:  4.98 MB

MaxMetaspaceSize: unlimited
CompressedClassSpaceSize: 1.00 GB
Initial GC threshold: 21.00 MB
Current GC threshold: 21.00 MB
CDS: off
MetaspaceReclaimPolicy: balanced
 - commit_granule_bytes: 65536.
 - commit_granule_words: 8192.
 - virtual_space_node_default_size: 1048576.
 - enlarge_chunks_in_place: 1.
 - new_chunks_are_fully_committed: 0.
 - uncommit_free_chunks: 1.
 - use_allocation_guard: 0.
 - handle_deallocations: 1.


Internal statistics:

num_allocs_failed_limit: 0.
num_arena_births: 88.
num_arena_deaths: 0.
num_vsnodes_births: 3.
num_vsnodes_deaths: 0.
num_space_committed: 173.
num_space_uncommitted: 0.
num_chunks_returned_to_freelist: 0.
num_chunks_taken_from_freelist: 123.
num_chunk_merges: 0.
num_chunk_splits: 71.
num_chunks_enlarged: 43.
num_purges: 0.
num_inconsistent_stats: 0.

CodeHeap 'non-profiled nmethods': size=120000Kb used=128Kb max_used=128Kb free=119871Kb
 bounds [0x000002c099160000, 0x000002c0993d0000, 0x000002c0a0690000]
CodeHeap 'profiled nmethods': size=120000Kb used=705Kb max_used=705Kb free=119294Kb
 bounds [0x000002c091c30000, 0x000002c091ea0000, 0x000002c099160000]
CodeHeap 'non-nmethods': size=5760Kb used=1180Kb max_used=1194Kb free=4579Kb
 bounds [0x000002c091690000, 0x000002c091900000, 0x000002c091c30000]
 total_blobs=957 nmethods=476 adapters=394
 compilation: enabled
              stopped_count=0, restarted_count=0
 full_count=0

Compilation events (20 events):
Event: 0.492 Thread 0x000002c0a78112f0 nmethod 467 0x000002c091cdb410 code [0x000002c091cdb5c0, 0x000002c091cdb8d8]
Event: 0.493 Thread 0x000002c0a78112f0  468       3       javax.swing.UIDefaults::get (21 bytes)
Event: 0.493 Thread 0x000002c0a78112f0 nmethod 468 0x000002c091cdba10 code [0x000002c091cdbbc0, 0x000002c091cdbdb8]
Event: 0.493 Thread 0x000002c0a78112f0  469       3       javax.swing.SwingUtilities::appContextGet (8 bytes)
Event: 0.493 Thread 0x000002c0a78112f0 nmethod 469 0x000002c091cdbe90 code [0x000002c091cdc040, 0x000002c091cdc198]
Event: 0.493 Thread 0x000002c0a78112f0  470       3       java.lang.StringConcatHelper::newString (67 bytes)
Event: 0.494 Thread 0x000002c0a78112f0 nmethod 470 0x000002c091cdc290 code [0x000002c091cdc500, 0x000002c091cdcf68]
Event: 0.494 Thread 0x000002c0a78112f0  471   !   3       javax.swing.UIManager::getLAFState (61 bytes)
Event: 0.494 Thread 0x000002c0a78112f0 nmethod 471 0x000002c091cdd310 code [0x000002c091cdd560, 0x000002c091cddc88]
Event: 0.494 Thread 0x000002c0a78112f0  472       1       javax.swing.text.GapVector::getGapEnd (5 bytes)
Event: 0.494 Thread 0x000002c0a78112f0 nmethod 472 0x000002c09917fb90 code [0x000002c09917fd20, 0x000002c09917fdf8]
Event: 0.494 Thread 0x000002c0a78112f0  473       1       javax.swing.text.GapVector::getGapStart (5 bytes)
Event: 0.494 Thread 0x000002c0a78112f0 nmethod 473 0x000002c09917fe90 code [0x000002c099180020, 0x000002c0991800f8]
Event: 0.494 Thread 0x000002c0a78112f0  474       3       java.lang.StringConcatHelper::initialCoder (14 bytes)
Event: 0.494 Thread 0x000002c0a78112f0 nmethod 474 0x000002c091cde010 code [0x000002c091cde1a0, 0x000002c091cde2b8]
Event: 0.494 Thread 0x000002c0a78112f0  475       3       java.lang.StringConcatHelper::simpleConcat (94 bytes)
Event: 0.495 Thread 0x000002c0a78112f0 nmethod 475 0x000002c091cde310 code [0x000002c091cde640, 0x000002c091cdfa18]
Event: 0.495 Thread 0x000002c0a78112f0  478       3       javax.swing.ArrayTable::isArray (8 bytes)
Event: 0.495 Thread 0x000002c0a78112f0 nmethod 478 0x000002c091ce0110 code [0x000002c091ce02a0, 0x000002c091ce0498]
Event: 0.495 Thread 0x000002c0a78112f0  477       3       javax.swing.ArrayTable::put (191 bytes)

GC Heap History (0 events):
No events

Dll operation events (3 events):
Event: 0.010 Loaded shared library C:\Users\nicol\.p2\pool\plugins\org.eclipse.justj.openjdk.hotspot.jre.full.win32.x86_64_17.0.5.v20221102-0933\jre\bin\java.dll
Event: 0.149 Loaded shared library C:\Users\nicol\.p2\pool\plugins\org.eclipse.justj.openjdk.hotspot.jre.full.win32.x86_64_17.0.5.v20221102-0933\jre\bin\jimage.dll
Event: 0.193 Loaded shared library C:\Users\nicol\.p2\pool\plugins\org.eclipse.justj.openjdk.hotspot.jre.full.win32.x86_64_17.0.5.v20221102-0933\jre\bin\awt.dll

Deoptimization events (0 events):
No events

Classes unloaded (0 events):
No events

Classes redefined (0 events):
No events

Internal exceptions (10 events):
Event: 0.179 Thread 0x000002c08dfd7070 Exception <a 'java/lang/ClassNotFoundException'{0x00000000a6c46d38}: sun/awt/resources/spi/awtProvider> (0x00000000a6c46d38) 
thrown [s\src\hotspot\share\classfile\systemDictionary.cpp, line 256]
Event: 0.215 Thread 0x000002c08dfd7070 Exception <a 'java/io/FileNotFoundException'{0x00000000a6ca1a50}> (0x00000000a6ca1a50) 
thrown [s\src\hotspot\share\prims\jni.cpp, line 516]
Event: 0.225 Thread 0x000002c08dfd7070 Exception <a 'java/io/FileNotFoundException'{0x00000000a6ccea00}> (0x00000000a6ccea00) 
thrown [s\src\hotspot\share\prims\jni.cpp, line 516]
Event: 0.278 Thread 0x000002c08dfd7070 Exception <a 'java/lang/NoSuchMethodError'{0x00000000a6b0fd18}: 'java.lang.Object java.lang.invoke.DirectMethodHandle$Holder.invokeStaticInit(java.lang.Object)'> (0x00000000a6b0fd18) 
thrown [s\src\hotspot\share\interpreter\linkResolver.cpp, line 759]
Event: 0.398 Thread 0x000002c08dfd7070 Exception <a 'java/lang/NoSuchMethodError'{0x00000000a6b5a800}: 'void java.lang.invoke.DirectMethodHandle$Holder.invokeSpecial(java.lang.Object, java.lang.Object, java.lang.Object)'> (0x00000000a6b5a800) 
thrown [s\src\hotspot\share\interpreter\linkResolver.cpp, line 759]
Event: 0.408 Thread 0x000002c08dfd7070 Exception <a 'java/lang/NoSuchMethodError'{0x00000000a6bfa898}: 'java.lang.Object java.lang.invoke.DirectMethodHandle$Holder.newInvokeSpecial(java.lang.Object, java.lang.Object, java.lang.Object, java.lang.Object, java.lang.Object)'> (0x00000000a6bfa898) 
thrown [s\src\hotspot\share\interpreter\linkResolver.cpp, line 759]
Event: 0.410 Thread 0x000002c08dfd7070 Exception <a 'java/lang/NoSuchMethodError'{0x00000000a6a06730}: 'java.lang.Object java.lang.invoke.DirectMethodHandle$Holder.invokeStatic(java.lang.Object, int, java.lang.Object, java.lang.Object, java.lang.Object, java.lang.Object)'> (0x00000000a6a06730) 
thrown [s\src\hotspot\share\interpreter\linkResolver.cpp, line 759]
Event: 0.415 Thread 0x000002c08dfd7070 Exception <a 'java/lang/NoSuchMethodError'{0x00000000a6a2bef0}: 'java.lang.Object java.lang.invoke.DirectMethodHandle$Holder.invokeStatic(java.lang.Object, int, java.lang.Object)'> (0x00000000a6a2bef0) 
thrown [s\src\hotspot\share\interpreter\linkResolver.cpp, line 759]
Event: 0.444 Thread 0x000002c08dfd7070 Exception <a 'java/lang/ClassNotFoundException'{0x00000000a6ae39a0}: com/sun/swing/internal/plaf/metal/resources/spi/metalProvider> (0x00000000a6ae39a0) 
thrown [s\src\hotspot\share\classfile\systemDictionary.cpp, line 256]
Event: 0.445 Thread 0x000002c08dfd7070 Exception <a 'java/lang/ClassNotFoundException'{0x00000000a6ae83c0}: com/sun/swing/internal/plaf/basic/resources/spi/basicProvider> (0x00000000a6ae83c0) 
thrown [s\src\hotspot\share\classfile\systemDictionary.cpp, line 256]

VM Operations (6 events):
Event: 0.444 Executing VM operation: HandshakeAllThreads
Event: 0.444 Executing VM operation: HandshakeAllThreads done
Event: 0.461 Executing VM operation: HandshakeAllThreads
Event: 0.461 Executing VM operation: HandshakeAllThreads done
Event: 0.483 Executing VM operation: HandshakeAllThreads
Event: 0.483 Executing VM operation: HandshakeAllThreads done

Events (20 events):
Event: 0.490 loading class javax/swing/plaf/basic/BasicTextUI$FocusAction
Event: 0.490 loading class javax/swing/plaf/basic/BasicTextUI$FocusAction done
Event: 0.490 loading class javax/swing/plaf/basic/BasicTextUI$TextActionWrapper
Event: 0.490 loading class javax/swing/plaf/basic/BasicTextUI$TextActionWrapper done
Event: 0.490 loading class javax/swing/plaf/synth/SynthUI
Event: 0.490 loading class javax/swing/plaf/synth/SynthConstants
Event: 0.490 loading class javax/swing/plaf/synth/SynthConstants done
Event: 0.490 loading class javax/swing/plaf/synth/SynthUI done
Event: 0.490 loading class javax/swing/JEditorPane
Event: 0.491 loading class javax/swing/JEditorPane done
Event: 0.491 loading class javax/swing/DefaultBoundedRangeModel
Event: 0.491 loading class javax/swing/BoundedRangeModel
Event: 0.491 loading class javax/swing/BoundedRangeModel done
Event: 0.492 loading class javax/swing/DefaultBoundedRangeModel done
Event: 0.492 loading class javax/swing/JTextField$ScrollRepainter
Event: 0.492 loading class javax/swing/JTextField$ScrollRepainter done
Event: 0.493 loading class javax/swing/plaf/basic/BasicTextAreaUI
Event: 0.493 loading class javax/swing/plaf/basic/BasicTextAreaUI done
Event: 0.495 loading class javax/swing/ScrollPaneLayout$UIResource
Event: 0.495 loading class javax/swing/ScrollPaneLayout


Dynamic libraries:
0x00007ff6285b0000 - 0x00007ff6285be000 	C:\Users\nicol\.p2\pool\plugins\org.eclipse.justj.openjdk.hotspot.jre.full.win32.x86_64_17.0.5.v20221102-0933\jre\bin\javaw.exe
0x00007ffbdccb0000 - 0x00007ffbdcec7000 	C:\WINDOWS\SYSTEM32\ntdll.dll
0x00007ffbdbfe0000 - 0x00007ffbdc0a4000 	C:\WINDOWS\System32\KERNEL32.DLL
0x00007ffbda330000 - 0x00007ffbda6d6000 	C:\WINDOWS\System32\KERNELBASE.dll
0x00007ffbda870000 - 0x00007ffbda981000 	C:\WINDOWS\System32\ucrtbase.dll
0x00007ffbc81a0000 - 0x00007ffbc81b7000 	C:\Users\nicol\.p2\pool\plugins\org.eclipse.justj.openjdk.hotspot.jre.full.win32.x86_64_17.0.5.v20221102-0933\jre\bin\jli.dll
0x00007ffbc96e0000 - 0x00007ffbc96f9000 	C:\Users\nicol\.p2\pool\plugins\org.eclipse.justj.openjdk.hotspot.jre.full.win32.x86_64_17.0.5.v20221102-0933\jre\bin\VCRUNTIME140.dll
0x00007ffbdc6e0000 - 0x00007ffbdc88d000 	C:\WINDOWS\System32\USER32.dll
0x00007ffbda6e0000 - 0x00007ffbda706000 	C:\WINDOWS\System32\win32u.dll
0x00007ffbc5250000 - 0x00007ffbc54e3000 	C:\WINDOWS\WinSxS\amd64_microsoft.windows.common-controls_6595b64144ccf1df_6.0.22621.2361_none_2712ced57382f843\COMCTL32.dll
0x00007ffbdc340000 - 0x00007ffbdc369000 	C:\WINDOWS\System32\GDI32.dll
0x00007ffbdc530000 - 0x00007ffbdc5d7000 	C:\WINDOWS\System32\msvcrt.dll
0x00007ffbda0a0000 - 0x00007ffbda1b8000 	C:\WINDOWS\System32\gdi32full.dll
0x00007ffbda710000 - 0x00007ffbda7aa000 	C:\WINDOWS\System32\msvcp_win.dll
0x00007ffbdc250000 - 0x00007ffbdc281000 	C:\WINDOWS\System32\IMM32.DLL
0x00007ffbcb8c0000 - 0x00007ffbcb8cc000 	C:\Users\nicol\.p2\pool\plugins\org.eclipse.justj.openjdk.hotspot.jre.full.win32.x86_64_17.0.5.v20221102-0933\jre\bin\vcruntime140_1.dll
0x00007ffbc72a0000 - 0x00007ffbc7331000 	C:\Users\nicol\.p2\pool\plugins\org.eclipse.justj.openjdk.hotspot.jre.full.win32.x86_64_17.0.5.v20221102-0933\jre\bin\msvcp140.dll
0x00007ffb95f80000 - 0x00007ffb96bc4000 	C:\Users\nicol\.p2\pool\plugins\org.eclipse.justj.openjdk.hotspot.jre.full.win32.x86_64_17.0.5.v20221102-0933\jre\bin\server\jvm.dll
0x00007ffbdc370000 - 0x00007ffbdc420000 	C:\WINDOWS\System32\ADVAPI32.dll
0x00007ffbdb6b0000 - 0x00007ffbdb756000 	C:\WINDOWS\System32\sechost.dll
0x00007ffbdb300000 - 0x00007ffbdb417000 	C:\WINDOWS\System32\RPCRT4.dll
0x00007ffbd7360000 - 0x00007ffbd7369000 	C:\WINDOWS\SYSTEM32\WSOCK32.dll
0x00007ffbd19c0000 - 0x00007ffbd19f4000 	C:\WINDOWS\SYSTEM32\WINMM.dll
0x00007ffbd30c0000 - 0x00007ffbd30ca000 	C:\WINDOWS\SYSTEM32\VERSION.dll
0x00007ffbdb440000 - 0x00007ffbdb4b1000 	C:\WINDOWS\System32\WS2_32.dll
0x00007ffbd9070000 - 0x00007ffbd9088000 	C:\WINDOWS\SYSTEM32\kernel.appcore.dll
0x00007ffbd7350000 - 0x00007ffbd735a000 	C:\Users\nicol\.p2\pool\plugins\org.eclipse.justj.openjdk.hotspot.jre.full.win32.x86_64_17.0.5.v20221102-0933\jre\bin\jimage.dll
0x00007ffbd0240000 - 0x00007ffbd046e000 	C:\WINDOWS\SYSTEM32\DBGHELP.DLL
0x00007ffbdbbe0000 - 0x00007ffbdbf6a000 	C:\WINDOWS\System32\combase.dll
0x00007ffbdcb90000 - 0x00007ffbdcc67000 	C:\WINDOWS\System32\OLEAUT32.dll
0x00007ffbb9710000 - 0x00007ffbb9742000 	C:\WINDOWS\SYSTEM32\dbgcore.DLL
0x00007ffbda990000 - 0x00007ffbdaa0a000 	C:\WINDOWS\System32\bcryptPrimitives.dll
0x00007ffbd53c0000 - 0x00007ffbd53e5000 	C:\Users\nicol\.p2\pool\plugins\org.eclipse.justj.openjdk.hotspot.jre.full.win32.x86_64_17.0.5.v20221102-0933\jre\bin\java.dll
0x00007ffbd5460000 - 0x00007ffbd5478000 	C:\Users\nicol\.p2\pool\plugins\org.eclipse.justj.openjdk.hotspot.jre.full.win32.x86_64_17.0.5.v20221102-0933\jre\bin\zip.dll
0x00007ffbdaa20000 - 0x00007ffbdb278000 	C:\WINDOWS\System32\SHELL32.dll
0x00007ffbd7f90000 - 0x00007ffbd8882000 	C:\WINDOWS\SYSTEM32\windows.storage.dll
0x00007ffbd7e50000 - 0x00007ffbd7f8e000 	C:\WINDOWS\SYSTEM32\wintypes.dll
0x00007ffbdc430000 - 0x00007ffbdc523000 	C:\WINDOWS\System32\SHCORE.dll
0x00007ffbdb4c0000 - 0x00007ffbdb51e000 	C:\WINDOWS\System32\shlwapi.dll
0x00007ffbd9f60000 - 0x00007ffbd9f86000 	C:\WINDOWS\SYSTEM32\profapi.dll
0x00007ffba73b0000 - 0x00007ffba753e000 	C:\Users\nicol\.p2\pool\plugins\org.eclipse.justj.openjdk.hotspot.jre.full.win32.x86_64_17.0.5.v20221102-0933\jre\bin\awt.dll
0x00007ffbd7420000 - 0x00007ffbd74b7000 	C:\WINDOWS\SYSTEM32\apphelp.dll
0x00007ffbd7800000 - 0x00007ffbd782b000 	C:\WINDOWS\system32\DWMAPI.DLL
0x00007ffbd75d0000 - 0x00007ffbd767b000 	C:\WINDOWS\system32\uxtheme.dll
0x00007ffba72b0000 - 0x00007ffba73b0000 	C:\WINDOWS\system32\opengl32.dll
0x00007ffbc8170000 - 0x00007ffbc819d000 	C:\WINDOWS\SYSTEM32\GLU32.dll
0x00007ffbd76b0000 - 0x00007ffbd76e6000 	C:\WINDOWS\SYSTEM32\dxcore.dll
0x00007ffbdb560000 - 0x00007ffbdb6ac000 	C:\WINDOWS\System32\MSCTF.dll
0x00007ffbdc0b0000 - 0x00007ffbdc24f000 	C:\WINDOWS\System32\ole32.dll
0x00007ffbc2ca0000 - 0x00007ffbc2e49000 	C:\WINDOWS\system32\d3d9.dll
0x00007ffbd0c60000 - 0x00007ffbd0e3b000 	C:\WINDOWS\System32\DriverStore\FileRepository\u0364341.inf_amd64_c22b73fb0c3a32d3\B364190\aticfx64.dll
0x00007ffbc6be0000 - 0x00007ffbc6c13000 	C:\WINDOWS\System32\DriverStore\FileRepository\u0364341.inf_amd64_c22b73fb0c3a32d3\B364190\atiu9p64.dll
0x00007ffb8bc10000 - 0x00007ffb8c8a6000 	C:\WINDOWS\System32\DriverStore\FileRepository\u0364341.inf_amd64_c22b73fb0c3a32d3\B364190\atiumd64.dll
0x0000000064d30000 - 0x0000000065bad000 	C:\WINDOWS\System32\DriverStore\FileRepository\u0364341.inf_amd64_c22b73fb0c3a32d3\B364190\atiumd6a.dll
0x00007ffbd9f00000 - 0x00007ffbd9f4d000 	C:\WINDOWS\SYSTEM32\POWRPROF.dll
0x00007ffbd9ee0000 - 0x00007ffbd9ef3000 	C:\WINDOWS\SYSTEM32\UMPDC.dll
0x00007ffbd1330000 - 0x00007ffbd135f000 	C:\WINDOWS\SYSTEM32\amdihk64.dll
0x00007ffbd4dc0000 - 0x00007ffbd4e0a000 	C:\WINDOWS\SYSTEM32\directxdatabasehelper.dll

dbghelp: loaded successfully - version: 4.0.5 - missing functions: none
symbol engine: initialized successfully - sym options: 0x614 - pdb path: .;C:\Users\nicol\.p2\pool\plugins\org.eclipse.justj.openjdk.hotspot.jre.full.win32.x86_64_17.0.5.v20221102-0933\jre\bin;C:\WINDOWS\SYSTEM32;C:\WINDOWS\WinSxS\amd64_microsoft.windows.common-controls_6595b64144ccf1df_6.0.22621.2361_none_2712ced57382f843;C:\Users\nicol\.p2\pool\plugins\org.eclipse.justj.openjdk.hotspot.jre.full.win32.x86_64_17.0.5.v20221102-0933\jre\bin\server;C:\WINDOWS\System32\DriverStore\FileRepository\u0364341.inf_amd64_c22b73fb0c3a32d3\B364190

VM Arguments:
jvm_args: -Dfile.encoding=UTF-8 -XX:+ShowCodeDetailsInExceptionMessages 
java_command: PersonalMain
java_class_path (initial): C:\Users\nicol\Documents\Schule\TSW\2. Jahr\Java\Personalverwaltung\bin
Launcher Type: SUN_STANDARD

[Global flags]
     intx CICompilerCount                          = 4                                         {product} {ergonomic}
     uint ConcGCThreads                            = 2                                         {product} {ergonomic}
     uint G1ConcRefinementThreads                  = 8                                         {product} {ergonomic}
   size_t G1HeapRegionSize                         = 1048576                                   {product} {ergonomic}
    uintx GCDrainStackTargetSize                   = 64                                        {product} {ergonomic}
   size_t InitialHeapSize                          = 100663296                                 {product} {ergonomic}
   size_t MarkStackSize                            = 4194304                                   {product} {ergonomic}
   size_t MaxHeapSize                              = 1595932672                                {product} {ergonomic}
   size_t MaxNewSize                               = 957349888                                 {product} {ergonomic}
   size_t MinHeapDeltaBytes                        = 1048576                                   {product} {ergonomic}
   size_t MinHeapSize                              = 8388608                                   {product} {ergonomic}
    uintx NonNMethodCodeHeapSize                   = 5839372                                {pd product} {ergonomic}
    uintx NonProfiledCodeHeapSize                  = 122909434                              {pd product} {ergonomic}
    uintx ProfiledCodeHeapSize                     = 122909434                              {pd product} {ergonomic}
    uintx ReservedCodeCacheSize                    = 251658240                              {pd product} {ergonomic}
     bool SegmentedCodeCache                       = true                                      {product} {ergonomic}
     bool ShowCodeDetailsInExceptionMessages       = true                                   {manageable} {command line}
   size_t SoftMaxHeapSize                          = 1595932672                             {manageable} {ergonomic}
     bool UseCompressedClassPointers               = true                           {product lp64_product} {ergonomic}
     bool UseCompressedOops                        = true                           {product lp64_product} {ergonomic}
     bool UseG1GC                                  = true                                      {product} {ergonomic}
     bool UseLargePagesIndividualAllocation        = false                                  {pd product} {ergonomic}

Logging:
Log output configuration:
 #0: stdout all=warning uptime,level,tags
 #1: stderr all=off uptime,level,tags

Environment Variables:
PATH=C:/Users/nicol/.p2/pool/plugins/org.eclipse.justj.openjdk.hotspot.jre.full.win32.x86_64_17.0.5.v20221102-0933/jre/bin/server;C:/Users/nicol/.p2/pool/plugins/org.eclipse.justj.openjdk.hotspot.jre.full.win32.x86_64_17.0.5.v20221102-0933/jre/bin;C:\Program Files\Microsoft\jdk-11.0.16.101-hotspot\bin;C:\Program Files (x86)\Common Files\Oracle\Java\javapath;C:\WINDOWS\system32;C:\WINDOWS;C:\WINDOWS\System32\Wbem;C:\WINDOWS\System32\WindowsPowerShell\v1.0\;C:\WINDOWS\System32\OpenSSH\;C:\Program Files\Microsoft SQL Server\150\Tools\Binn\;C:\Program Files\Microsoft SQL Server\Client SDK\ODBC\170\Tools\Binn\;C:\Program Files\dotnet\;C:\Users\nicol\AppData\Local\Microsoft\WindowsApps;C:\Program Files (x86)\Brackets\;C:\Users\nicol\AppData\Local\GitHubDesktop\bin;C:\Users\nicol\.dotnet\tools;C:\Users\nicol\AppData\Local\Programs\Microsoft VS Code\bin;C:\WINDOWS\System32;
USERNAME=nicol
OS=Windows_NT
PROCESSOR_IDENTIFIER=AMD64 Family 23 Model 24 Stepping 1, AuthenticAMD
TMP=C:\Users\nicol\AppData\Local\Temp
TEMP=C:\Users\nicol\AppData\Local\Temp



---------------  S Y S T E M  ---------------

OS:
 Windows 11 , 64 bit Build 22621 (10.0.22621.2428)
OS uptime: 8 days 19:32 hours

CPU: total 8 (initial active 8) (8 cores per cpu, 2 threads per core) family 23 model 24 stepping 1 microcode 0x0, cx8, cmov, fxsr, ht, mmx, 3dnowpref, sse, sse2, sse3, ssse3, sse4a, sse4.1, sse4.2, popcnt, lzcnt, tsc, tscinvbit, avx, avx2, aes, clmul, bmi1, bmi2, adx, sha, fma, vzeroupper, clflush, clflushopt

Memory: 4k page, system-wide physical 6081M (112M free)
TotalPageFile size 24513M (AvailPageFile size 5M)
current process WorkingSet (physical memory assigned to process): 58M, peak: 58M
current process commit charge ("private bytes"): 194M, peak: 194M

vm_info: OpenJDK 64-Bit Server VM (17.0.5+8) for windows-amd64 JRE (17.0.5+8), built on Oct 19 2022 04:48:13 by "temurin" with MS VC++ 16.7 (VS2019)

END.
